2025-10-28 23:15:43.163 +03:00 [INF] [] Starting POS System API... {"MachineName":"DESKTOP-CMP5LCV","EnvironmentName":"Development"}
2025-10-28 23:15:44.021 +03:00 [WRN] [Microsoft.EntityFrameworkCore.Model.Validation] The property 'ShopInventory.Batches' is a collection or enumeration type with a value converter but with no value comparer. Set a value comparer to ensure the collection/enumeration elements are compared correctly. {"EventId":{"Id":10620,"Name":"Microsoft.EntityFrameworkCore.Model.Validation.CollectionWithoutComparer"},"MachineName":"DESKTOP-CMP5LCV","EnvironmentName":"Development"}
2025-10-28 23:15:44.026 +03:00 [WRN] [Microsoft.EntityFrameworkCore.Model.Validation] The property 'ShopPricing.PackagingLevelPrices' is a collection or enumeration type with a value converter but with no value comparer. Set a value comparer to ensure the collection/enumeration elements are compared correctly. {"EventId":{"Id":10620,"Name":"Microsoft.EntityFrameworkCore.Model.Validation.CollectionWithoutComparer"},"MachineName":"DESKTOP-CMP5LCV","EnvironmentName":"Development"}
2025-10-28 23:15:44.028 +03:00 [WRN] [Microsoft.EntityFrameworkCore.Model.Validation] The property 'ShopUser.Permissions' is a collection or enumeration type with a value converter but with no value comparer. Set a value comparer to ensure the collection/enumeration elements are compared correctly. {"EventId":{"Id":10620,"Name":"Microsoft.EntityFrameworkCore.Model.Validation.CollectionWithoutComparer"},"MachineName":"DESKTOP-CMP5LCV","EnvironmentName":"Development"}
2025-10-28 23:15:44.064 +03:00 [WRN] [Microsoft.EntityFrameworkCore.Model.Validation] The 'bool' property 'IsActive' on entity type 'User' is configured with a database-generated default. This default will always be used for inserts when the property has the value 'false', since this is the CLR default for the 'bool' type. Consider using the nullable 'bool?' type instead, so that the default will only be used for inserts when the property value is 'null'. {"EventId":{"Id":20601,"Name":"Microsoft.EntityFrameworkCore.Model.Validation.BoolWithDefaultWarning"},"MachineName":"DESKTOP-CMP5LCV","EnvironmentName":"Development"}
2025-10-28 23:15:44.065 +03:00 [WRN] [Microsoft.EntityFrameworkCore.Model.Validation] The 'bool' property 'IsActive' on entity type 'Category' is configured with a database-generated default. This default will always be used for inserts when the property has the value 'false', since this is the CLR default for the 'bool' type. Consider using the nullable 'bool?' type instead, so that the default will only be used for inserts when the property value is 'null'. {"EventId":{"Id":20601,"Name":"Microsoft.EntityFrameworkCore.Model.Validation.BoolWithDefaultWarning"},"MachineName":"DESKTOP-CMP5LCV","EnvironmentName":"Development"}
2025-10-28 23:15:44.067 +03:00 [WRN] [Microsoft.EntityFrameworkCore.Model.Validation] The 'bool' property 'IsActive' on entity type 'ShopUser' is configured with a database-generated default. This default will always be used for inserts when the property has the value 'false', since this is the CLR default for the 'bool' type. Consider using the nullable 'bool?' type instead, so that the default will only be used for inserts when the property value is 'null'. {"EventId":{"Id":20601,"Name":"Microsoft.EntityFrameworkCore.Model.Validation.BoolWithDefaultWarning"},"MachineName":"DESKTOP-CMP5LCV","EnvironmentName":"Development"}
2025-10-28 23:15:45.369 +03:00 [INF] [] POS System API started successfully {"MachineName":"DESKTOP-CMP5LCV","EnvironmentName":"Development"}
2025-10-28 23:15:45.417 +03:00 [FTL] [] Application terminated unexpectedly {"MachineName":"DESKTOP-CMP5LCV","EnvironmentName":"Development"}
System.IO.IOException: Failed to bind to address http://127.0.0.1:5135: address already in use.
 ---> Microsoft.AspNetCore.Connections.AddressInUseException: Only one usage of each socket address (protocol/network address/port) is normally permitted.
 ---> System.Net.Sockets.SocketException (10048): Only one usage of each socket address (protocol/network address/port) is normally permitted.
   at System.Net.Sockets.Socket.UpdateStatusAfterSocketErrorAndThrowException(SocketError error, String callerName)
   at System.Net.Sockets.Socket.DoBind(EndPoint endPointSnapshot, SocketAddress socketAddress)
   at System.Net.Sockets.Socket.Bind(EndPoint localEP)
   at Microsoft.AspNetCore.Server.Kestrel.Transport.Sockets.SocketTransportOptions.CreateDefaultBoundListenSocket(EndPoint endpoint)
   at Microsoft.AspNetCore.Server.Kestrel.Transport.Sockets.SocketConnectionListener.Bind()
   --- End of inner exception stack trace ---
   at Microsoft.AspNetCore.Server.Kestrel.Transport.Sockets.SocketConnectionListener.Bind()
   at Microsoft.AspNetCore.Server.Kestrel.Transport.Sockets.SocketTransportFactory.BindAsync(EndPoint endpoint, CancellationToken cancellationToken)
   at Microsoft.AspNetCore.Server.Kestrel.Core.Internal.Infrastructure.TransportManager.BindAsync(EndPoint endPoint, ConnectionDelegate connectionDelegate, EndpointConfig endpointConfig, CancellationToken cancellationToken)
   at Microsoft.AspNetCore.Server.Kestrel.Core.KestrelServerImpl.<>c__DisplayClass30_0`1.<<StartAsync>g__OnBind|0>d.MoveNext()
--- End of stack trace from previous location ---
   at Microsoft.AspNetCore.Server.Kestrel.Core.Internal.AddressBinder.BindEndpointAsync(ListenOptions endpoint, AddressBindContext context, CancellationToken cancellationToken)
   --- End of inner exception stack trace ---
   at Microsoft.AspNetCore.Server.Kestrel.Core.Internal.AddressBinder.BindEndpointAsync(ListenOptions endpoint, AddressBindContext context, CancellationToken cancellationToken)
   at Microsoft.AspNetCore.Server.Kestrel.Core.LocalhostListenOptions.BindAsync(AddressBindContext context, CancellationToken cancellationToken)
   at Microsoft.AspNetCore.Server.Kestrel.Core.Internal.AddressBinder.AddressesStrategy.BindAsync(AddressBindContext context, CancellationToken cancellationToken)
   at Microsoft.AspNetCore.Server.Kestrel.Core.Internal.AddressBinder.BindAsync(IEnumerable`1 listenOptions, AddressBindContext context, CancellationToken cancellationToken)
   at Microsoft.AspNetCore.Server.Kestrel.Core.KestrelServerImpl.BindAsync(CancellationToken cancellationToken)
   at Microsoft.AspNetCore.Server.Kestrel.Core.KestrelServerImpl.StartAsync[TContext](IHttpApplication`1 application, CancellationToken cancellationToken)
   at Microsoft.AspNetCore.Hosting.GenericWebHostService.StartAsync(CancellationToken cancellationToken)
   at Microsoft.Extensions.Hosting.Internal.Host.StartAsync(CancellationToken cancellationToken)
   at Microsoft.Extensions.Hosting.HostingAbstractionsHostExtensions.RunAsync(IHost host, CancellationToken token)
   at Microsoft.Extensions.Hosting.HostingAbstractionsHostExtensions.RunAsync(IHost host, CancellationToken token)
   at Microsoft.Extensions.Hosting.HostingAbstractionsHostExtensions.Run(IHost host)
   at Microsoft.AspNetCore.Builder.WebApplication.Run(String url)
   at Program.<Main>$(String[] args) in C:\Users\pc\Documents\My Projects\pos_system_api\Program.cs:line 117
2025-10-28 23:15:45.445 +03:00 [INF] [] Shutting down POS System API... {"MachineName":"DESKTOP-CMP5LCV","EnvironmentName":"Development"}
