2025-10-24 13:23:57.754 +03:00 [INF] [] Starting POS System API... {"MachineName":"DESKTOP-CMP5LCV","EnvironmentName":"Development"}
2025-10-24 13:23:58.446 +03:00 [WRN] [Microsoft.EntityFrameworkCore.Model.Validation] The property 'ShopInventory.Batches' is a collection or enumeration type with a value converter but with no value comparer. Set a value comparer to ensure the collection/enumeration elements are compared correctly. {"EventId":{"Id":10620,"Name":"Microsoft.EntityFrameworkCore.Model.Validation.CollectionWithoutComparer"},"MachineName":"DESKTOP-CMP5LCV","EnvironmentName":"Development"}
2025-10-24 13:23:58.481 +03:00 [WRN] [Microsoft.EntityFrameworkCore.Model.Validation] The 'bool' property 'IsActive' on entity type 'User' is configured with a database-generated default. This default will always be used for inserts when the property has the value 'false', since this is the CLR default for the 'bool' type. Consider using the nullable 'bool?' type instead, so that the default will only be used for inserts when the property value is 'null'. {"EventId":{"Id":20601,"Name":"Microsoft.EntityFrameworkCore.Model.Validation.BoolWithDefaultWarning"},"MachineName":"DESKTOP-CMP5LCV","EnvironmentName":"Development"}
2025-10-24 13:23:59.723 +03:00 [INF] [] POS System API started successfully {"MachineName":"DESKTOP-CMP5LCV","EnvironmentName":"Development"}
2025-10-24 13:23:59.764 +03:00 [FTL] [] Application terminated unexpectedly {"MachineName":"DESKTOP-CMP5LCV","EnvironmentName":"Development"}
System.IO.IOException: Failed to bind to address http://127.0.0.1:5135: address already in use.
 ---> Microsoft.AspNetCore.Connections.AddressInUseException: Only one usage of each socket address (protocol/network address/port) is normally permitted.
 ---> System.Net.Sockets.SocketException (10048): Only one usage of each socket address (protocol/network address/port) is normally permitted.
   at System.Net.Sockets.Socket.UpdateStatusAfterSocketErrorAndThrowException(SocketError error, String callerName)
   at System.Net.Sockets.Socket.DoBind(EndPoint endPointSnapshot, SocketAddress socketAddress)
   at System.Net.Sockets.Socket.Bind(EndPoint localEP)
   at Microsoft.AspNetCore.Server.Kestrel.Transport.Sockets.SocketTransportOptions.CreateDefaultBoundListenSocket(EndPoint endpoint)
   at Microsoft.AspNetCore.Server.Kestrel.Transport.Sockets.SocketConnectionListener.Bind()
   --- End of inner exception stack trace ---
   at Microsoft.AspNetCore.Server.Kestrel.Transport.Sockets.SocketConnectionListener.Bind()
   at Microsoft.AspNetCore.Server.Kestrel.Transport.Sockets.SocketTransportFactory.BindAsync(EndPoint endpoint, CancellationToken cancellationToken)
   at Microsoft.AspNetCore.Server.Kestrel.Core.Internal.Infrastructure.TransportManager.BindAsync(EndPoint endPoint, ConnectionDelegate connectionDelegate, EndpointConfig endpointConfig, CancellationToken cancellationToken)
   at Microsoft.AspNetCore.Server.Kestrel.Core.KestrelServerImpl.<>c__DisplayClass30_0`1.<<StartAsync>g__OnBind|0>d.MoveNext()
--- End of stack trace from previous location ---
   at Microsoft.AspNetCore.Server.Kestrel.Core.Internal.AddressBinder.BindEndpointAsync(ListenOptions endpoint, AddressBindContext context, CancellationToken cancellationToken)
   --- End of inner exception stack trace ---
   at Microsoft.AspNetCore.Server.Kestrel.Core.Internal.AddressBinder.BindEndpointAsync(ListenOptions endpoint, AddressBindContext context, CancellationToken cancellationToken)
   at Microsoft.AspNetCore.Server.Kestrel.Core.LocalhostListenOptions.BindAsync(AddressBindContext context, CancellationToken cancellationToken)
   at Microsoft.AspNetCore.Server.Kestrel.Core.Internal.AddressBinder.AddressesStrategy.BindAsync(AddressBindContext context, CancellationToken cancellationToken)
   at Microsoft.AspNetCore.Server.Kestrel.Core.Internal.AddressBinder.BindAsync(IEnumerable`1 listenOptions, AddressBindContext context, CancellationToken cancellationToken)
   at Microsoft.AspNetCore.Server.Kestrel.Core.KestrelServerImpl.BindAsync(CancellationToken cancellationToken)
   at Microsoft.AspNetCore.Server.Kestrel.Core.KestrelServerImpl.StartAsync[TContext](IHttpApplication`1 application, CancellationToken cancellationToken)
   at Microsoft.AspNetCore.Hosting.GenericWebHostService.StartAsync(CancellationToken cancellationToken)
   at Microsoft.Extensions.Hosting.Internal.Host.StartAsync(CancellationToken cancellationToken)
   at Microsoft.Extensions.Hosting.HostingAbstractionsHostExtensions.RunAsync(IHost host, CancellationToken token)
   at Microsoft.Extensions.Hosting.HostingAbstractionsHostExtensions.RunAsync(IHost host, CancellationToken token)
   at Microsoft.Extensions.Hosting.HostingAbstractionsHostExtensions.Run(IHost host)
   at Microsoft.AspNetCore.Builder.WebApplication.Run(String url)
   at Program.<Main>$(String[] args) in C:\Users\pc\Documents\My Projects\pos_system_api\Program.cs:line 117
2025-10-24 13:23:59.811 +03:00 [INF] [] Shutting down POS System API... {"MachineName":"DESKTOP-CMP5LCV","EnvironmentName":"Development"}
2025-10-24 13:25:37.199 +03:00 [INF] [] Starting POS System API... {"MachineName":"DESKTOP-CMP5LCV","EnvironmentName":"Development"}
2025-10-24 13:25:37.890 +03:00 [WRN] [Microsoft.EntityFrameworkCore.Model.Validation] The property 'ShopInventory.Batches' is a collection or enumeration type with a value converter but with no value comparer. Set a value comparer to ensure the collection/enumeration elements are compared correctly. {"EventId":{"Id":10620,"Name":"Microsoft.EntityFrameworkCore.Model.Validation.CollectionWithoutComparer"},"MachineName":"DESKTOP-CMP5LCV","EnvironmentName":"Development"}
2025-10-24 13:25:37.924 +03:00 [WRN] [Microsoft.EntityFrameworkCore.Model.Validation] The 'bool' property 'IsActive' on entity type 'User' is configured with a database-generated default. This default will always be used for inserts when the property has the value 'false', since this is the CLR default for the 'bool' type. Consider using the nullable 'bool?' type instead, so that the default will only be used for inserts when the property value is 'null'. {"EventId":{"Id":20601,"Name":"Microsoft.EntityFrameworkCore.Model.Validation.BoolWithDefaultWarning"},"MachineName":"DESKTOP-CMP5LCV","EnvironmentName":"Development"}
2025-10-24 13:25:39.171 +03:00 [INF] [] POS System API started successfully {"MachineName":"DESKTOP-CMP5LCV","EnvironmentName":"Development"}
2025-10-24 13:26:08.897 +03:00 [INF] [] Starting POS System API... {"MachineName":"DESKTOP-CMP5LCV","EnvironmentName":"Development"}
2025-10-24 13:26:09.632 +03:00 [WRN] [Microsoft.EntityFrameworkCore.Model.Validation] The property 'ShopInventory.Batches' is a collection or enumeration type with a value converter but with no value comparer. Set a value comparer to ensure the collection/enumeration elements are compared correctly. {"EventId":{"Id":10620,"Name":"Microsoft.EntityFrameworkCore.Model.Validation.CollectionWithoutComparer"},"MachineName":"DESKTOP-CMP5LCV","EnvironmentName":"Development"}
2025-10-24 13:26:09.666 +03:00 [WRN] [Microsoft.EntityFrameworkCore.Model.Validation] The 'bool' property 'IsActive' on entity type 'User' is configured with a database-generated default. This default will always be used for inserts when the property has the value 'false', since this is the CLR default for the 'bool' type. Consider using the nullable 'bool?' type instead, so that the default will only be used for inserts when the property value is 'null'. {"EventId":{"Id":20601,"Name":"Microsoft.EntityFrameworkCore.Model.Validation.BoolWithDefaultWarning"},"MachineName":"DESKTOP-CMP5LCV","EnvironmentName":"Development"}
2025-10-24 13:26:10.941 +03:00 [INF] [] POS System API started successfully {"MachineName":"DESKTOP-CMP5LCV","EnvironmentName":"Development"}
2025-10-24 13:26:50.028 +03:00 [INF] [] Shutting down POS System API... {"MachineName":"DESKTOP-CMP5LCV","EnvironmentName":"Development"}
2025-10-24 13:28:49.092 +03:00 [INF] [] Starting POS System API... {"MachineName":"DESKTOP-CMP5LCV","EnvironmentName":"Development"}
2025-10-24 13:28:49.807 +03:00 [WRN] [Microsoft.EntityFrameworkCore.Model.Validation] The property 'ShopInventory.Batches' is a collection or enumeration type with a value converter but with no value comparer. Set a value comparer to ensure the collection/enumeration elements are compared correctly. {"EventId":{"Id":10620,"Name":"Microsoft.EntityFrameworkCore.Model.Validation.CollectionWithoutComparer"},"MachineName":"DESKTOP-CMP5LCV","EnvironmentName":"Development"}
2025-10-24 13:28:49.844 +03:00 [WRN] [Microsoft.EntityFrameworkCore.Model.Validation] The 'bool' property 'IsActive' on entity type 'User' is configured with a database-generated default. This default will always be used for inserts when the property has the value 'false', since this is the CLR default for the 'bool' type. Consider using the nullable 'bool?' type instead, so that the default will only be used for inserts when the property value is 'null'. {"EventId":{"Id":20601,"Name":"Microsoft.EntityFrameworkCore.Model.Validation.BoolWithDefaultWarning"},"MachineName":"DESKTOP-CMP5LCV","EnvironmentName":"Development"}
2025-10-24 13:28:51.266 +03:00 [INF] [] POS System API started successfully {"MachineName":"DESKTOP-CMP5LCV","EnvironmentName":"Development"}
2025-10-24 13:29:08.518 +03:00 [INF] [pos_system_api.API.Middleware.RequestResponseLoggingMiddleware] HTTP GET / started {"RequestId":"0HNGIT0L4RR46:00000002","ConnectionId":"0HNGIT0L4RR46","RemoteIpAddress":"::1","UserAgent":"Mozilla/5.0 (Windows NT 10.0; Win64; x64) AppleWebKit/537.36 (KHTML, like Gecko) Chrome/141.0.0.0 Safari/537.36","MachineName":"DESKTOP-CMP5LCV","EnvironmentName":"Development"}
2025-10-24 13:29:08.576 +03:00 [INF] [Serilog.AspNetCore.RequestLoggingMiddleware] HTTP GET / responded 200 in 50.5652ms {"RequestHost":"localhost:5135","RequestScheme":"http","UserAgent":"Mozilla/5.0 (Windows NT 10.0; Win64; x64) AppleWebKit/537.36 (KHTML, like Gecko) Chrome/141.0.0.0 Safari/537.36","RemoteIpAddress":"::1","RequestQuery":"","RequestId":"0HNGIT0L4RR46:00000002","ConnectionId":"0HNGIT0L4RR46","MachineName":"DESKTOP-CMP5LCV","EnvironmentName":"Development"}
2025-10-24 13:29:08.581 +03:00 [INF] [pos_system_api.API.Middleware.RequestResponseLoggingMiddleware] HTTP GET / responded 200 in 67ms {"RequestId":"0HNGIT0L4RR46:00000002","ConnectionId":"0HNGIT0L4RR46","RemoteIpAddress":"::1","UserAgent":"Mozilla/5.0 (Windows NT 10.0; Win64; x64) AppleWebKit/537.36 (KHTML, like Gecko) Chrome/141.0.0.0 Safari/537.36","MachineName":"DESKTOP-CMP5LCV","EnvironmentName":"Development"}
2025-10-24 13:29:09.005 +03:00 [INF] [pos_system_api.API.Middleware.RequestResponseLoggingMiddleware] HTTP GET /favicon.ico started {"RequestId":"0HNGIT0L4RR46:00000003","ConnectionId":"0HNGIT0L4RR46","RemoteIpAddress":"::1","UserAgent":"Mozilla/5.0 (Windows NT 10.0; Win64; x64) AppleWebKit/537.36 (KHTML, like Gecko) Chrome/141.0.0.0 Safari/537.36","MachineName":"DESKTOP-CMP5LCV","EnvironmentName":"Development"}
2025-10-24 13:29:09.009 +03:00 [INF] [Serilog.AspNetCore.RequestLoggingMiddleware] HTTP GET /favicon.ico responded 404 in 0.5789ms {"RequestHost":"localhost:5135","RequestScheme":"http","UserAgent":"Mozilla/5.0 (Windows NT 10.0; Win64; x64) AppleWebKit/537.36 (KHTML, like Gecko) Chrome/141.0.0.0 Safari/537.36","RemoteIpAddress":"::1","RequestQuery":"","RequestId":"0HNGIT0L4RR46:00000003","ConnectionId":"0HNGIT0L4RR46","MachineName":"DESKTOP-CMP5LCV","EnvironmentName":"Development"}
2025-10-24 13:29:09.012 +03:00 [WRN] [pos_system_api.API.Middleware.RequestResponseLoggingMiddleware] HTTP GET /favicon.ico responded 404 in 7ms {"RequestId":"0HNGIT0L4RR46:00000003","ConnectionId":"0HNGIT0L4RR46","RemoteIpAddress":"::1","UserAgent":"Mozilla/5.0 (Windows NT 10.0; Win64; x64) AppleWebKit/537.36 (KHTML, like Gecko) Chrome/141.0.0.0 Safari/537.36","MachineName":"DESKTOP-CMP5LCV","EnvironmentName":"Development"}
2025-10-24 13:29:13.812 +03:00 [INF] [pos_system_api.API.Middleware.RequestResponseLoggingMiddleware] HTTP GET /Swagger/index.html started {"RequestId":"0HNGIT0L4RR46:00000004","ConnectionId":"0HNGIT0L4RR46","RemoteIpAddress":"::1","UserAgent":"Mozilla/5.0 (Windows NT 10.0; Win64; x64) AppleWebKit/537.36 (KHTML, like Gecko) Chrome/141.0.0.0 Safari/537.36","MachineName":"DESKTOP-CMP5LCV","EnvironmentName":"Development"}
2025-10-24 13:29:13.828 +03:00 [ERR] [Serilog.AspNetCore.RequestLoggingMiddleware] HTTP GET /Swagger/index.html responded 500 in 13.6579ms {"RequestHost":"localhost:5135","RequestScheme":"http","UserAgent":"Mozilla/5.0 (Windows NT 10.0; Win64; x64) AppleWebKit/537.36 (KHTML, like Gecko) Chrome/141.0.0.0 Safari/537.36","RemoteIpAddress":"::1","RequestQuery":"","RequestId":"0HNGIT0L4RR46:00000004","ConnectionId":"0HNGIT0L4RR46","MachineName":"DESKTOP-CMP5LCV","EnvironmentName":"Development"}
System.MissingMethodException: Method not found: 'Void System.Text.Json.Serialization.Metadata.JsonObjectInfoValues`1.set_ObjectCreator(System.Func`1<!0>)'.
   at Swashbuckle.AspNetCore.SwaggerUI.SwaggerUIOptionsJsonContext.get_ConfigObject()
   at Swashbuckle.AspNetCore.SwaggerUI.SwaggerUIMiddleware.GetIndexArguments()
   at Swashbuckle.AspNetCore.SwaggerUI.SwaggerUIMiddleware.RespondWithFile(HttpResponse response, String fileName)
   at Swashbuckle.AspNetCore.SwaggerUI.SwaggerUIMiddleware.Invoke(HttpContext httpContext)
   at Swashbuckle.AspNetCore.Swagger.SwaggerMiddleware.Invoke(HttpContext httpContext, ISwaggerProvider swaggerProvider)
   at Serilog.AspNetCore.RequestLoggingMiddleware.Invoke(HttpContext httpContext)
2025-10-24 13:29:13.842 +03:00 [ERR] [pos_system_api.API.Middleware.RequestResponseLoggingMiddleware] HTTP GET /Swagger/index.html failed after 29ms {"RequestId":"0HNGIT0L4RR46:00000004","ConnectionId":"0HNGIT0L4RR46","RemoteIpAddress":"::1","UserAgent":"Mozilla/5.0 (Windows NT 10.0; Win64; x64) AppleWebKit/537.36 (KHTML, like Gecko) Chrome/141.0.0.0 Safari/537.36","MachineName":"DESKTOP-CMP5LCV","EnvironmentName":"Development"}
System.MissingMethodException: Method not found: 'Void System.Text.Json.Serialization.Metadata.JsonObjectInfoValues`1.set_ObjectCreator(System.Func`1<!0>)'.
   at Swashbuckle.AspNetCore.SwaggerUI.SwaggerUIOptionsJsonContext.get_ConfigObject()
   at Swashbuckle.AspNetCore.SwaggerUI.SwaggerUIMiddleware.GetIndexArguments()
   at Swashbuckle.AspNetCore.SwaggerUI.SwaggerUIMiddleware.RespondWithFile(HttpResponse response, String fileName)
   at Swashbuckle.AspNetCore.SwaggerUI.SwaggerUIMiddleware.Invoke(HttpContext httpContext)
   at Swashbuckle.AspNetCore.Swagger.SwaggerMiddleware.Invoke(HttpContext httpContext, ISwaggerProvider swaggerProvider)
   at Serilog.AspNetCore.RequestLoggingMiddleware.Invoke(HttpContext httpContext)
   at pos_system_api.API.Middleware.RequestResponseLoggingMiddleware.InvokeAsync(HttpContext context) in C:\Users\pc\Documents\My Projects\pos_system_api\src\API\Middleware\RequestResponseLoggingMiddleware.cs:line 50
2025-10-24 13:29:13.857 +03:00 [ERR] [pos_system_api.API.Middleware.GlobalExceptionHandlingMiddleware] Exception handled: MissingMethodException - Method not found: 'Void System.Text.Json.Serialization.Metadata.JsonObjectInfoValues`1.set_ObjectCreator(System.Func`1<!0>)'. {"RequestId":"0HNGIT0L4RR46:00000004","RequestPath":"/Swagger/index.html","ConnectionId":"0HNGIT0L4RR46","MachineName":"DESKTOP-CMP5LCV","EnvironmentName":"Development"}
System.MissingMethodException: Method not found: 'Void System.Text.Json.Serialization.Metadata.JsonObjectInfoValues`1.set_ObjectCreator(System.Func`1<!0>)'.
   at Swashbuckle.AspNetCore.SwaggerUI.SwaggerUIOptionsJsonContext.get_ConfigObject()
   at Swashbuckle.AspNetCore.SwaggerUI.SwaggerUIMiddleware.GetIndexArguments()
   at Swashbuckle.AspNetCore.SwaggerUI.SwaggerUIMiddleware.RespondWithFile(HttpResponse response, String fileName)
   at Swashbuckle.AspNetCore.SwaggerUI.SwaggerUIMiddleware.Invoke(HttpContext httpContext)
   at Swashbuckle.AspNetCore.Swagger.SwaggerMiddleware.Invoke(HttpContext httpContext, ISwaggerProvider swaggerProvider)
   at Serilog.AspNetCore.RequestLoggingMiddleware.Invoke(HttpContext httpContext)
   at pos_system_api.API.Middleware.RequestResponseLoggingMiddleware.InvokeAsync(HttpContext context) in C:\Users\pc\Documents\My Projects\pos_system_api\src\API\Middleware\RequestResponseLoggingMiddleware.cs:line 50
   at pos_system_api.API.Middleware.GlobalExceptionHandlingMiddleware.InvokeAsync(HttpContext context) in C:\Users\pc\Documents\My Projects\pos_system_api\src\API\Middleware\GlobalExceptionHandlingMiddleware.cs:line 29
2025-10-24 13:29:49.877 +03:00 [INF] [] Shutting down POS System API... {"MachineName":"DESKTOP-CMP5LCV","EnvironmentName":"Development"}
2025-10-24 13:30:22.987 +03:00 [INF] [] Starting POS System API... {"MachineName":"DESKTOP-CMP5LCV","EnvironmentName":"Development"}
2025-10-24 13:30:23.707 +03:00 [WRN] [Microsoft.EntityFrameworkCore.Model.Validation] The property 'ShopInventory.Batches' is a collection or enumeration type with a value converter but with no value comparer. Set a value comparer to ensure the collection/enumeration elements are compared correctly. {"EventId":{"Id":10620,"Name":"Microsoft.EntityFrameworkCore.Model.Validation.CollectionWithoutComparer"},"MachineName":"DESKTOP-CMP5LCV","EnvironmentName":"Development"}
2025-10-24 13:30:23.742 +03:00 [WRN] [Microsoft.EntityFrameworkCore.Model.Validation] The 'bool' property 'IsActive' on entity type 'User' is configured with a database-generated default. This default will always be used for inserts when the property has the value 'false', since this is the CLR default for the 'bool' type. Consider using the nullable 'bool?' type instead, so that the default will only be used for inserts when the property value is 'null'. {"EventId":{"Id":20601,"Name":"Microsoft.EntityFrameworkCore.Model.Validation.BoolWithDefaultWarning"},"MachineName":"DESKTOP-CMP5LCV","EnvironmentName":"Development"}
2025-10-24 13:30:24.983 +03:00 [INF] [] POS System API started successfully {"MachineName":"DESKTOP-CMP5LCV","EnvironmentName":"Development"}
2025-10-24 13:30:55.864 +03:00 [INF] [] Shutting down POS System API... {"MachineName":"DESKTOP-CMP5LCV","EnvironmentName":"Development"}
2025-10-24 13:31:34.312 +03:00 [INF] [] Starting POS System API... {"MachineName":"DESKTOP-CMP5LCV","EnvironmentName":"Development"}
2025-10-24 13:31:35.032 +03:00 [WRN] [Microsoft.EntityFrameworkCore.Model.Validation] The property 'ShopInventory.Batches' is a collection or enumeration type with a value converter but with no value comparer. Set a value comparer to ensure the collection/enumeration elements are compared correctly. {"EventId":{"Id":10620,"Name":"Microsoft.EntityFrameworkCore.Model.Validation.CollectionWithoutComparer"},"MachineName":"DESKTOP-CMP5LCV","EnvironmentName":"Development"}
2025-10-24 13:31:35.070 +03:00 [WRN] [Microsoft.EntityFrameworkCore.Model.Validation] The 'bool' property 'IsActive' on entity type 'User' is configured with a database-generated default. This default will always be used for inserts when the property has the value 'false', since this is the CLR default for the 'bool' type. Consider using the nullable 'bool?' type instead, so that the default will only be used for inserts when the property value is 'null'. {"EventId":{"Id":20601,"Name":"Microsoft.EntityFrameworkCore.Model.Validation.BoolWithDefaultWarning"},"MachineName":"DESKTOP-CMP5LCV","EnvironmentName":"Development"}
2025-10-24 13:31:36.344 +03:00 [INF] [] POS System API started successfully {"MachineName":"DESKTOP-CMP5LCV","EnvironmentName":"Development"}
2025-10-24 13:31:53.097 +03:00 [INF] [pos_system_api.API.Middleware.RequestResponseLoggingMiddleware] HTTP GET /health started {"RequestId":"0HNGIT266F3U1:00000002","ConnectionId":"0HNGIT266F3U1","RemoteIpAddress":"::1","UserAgent":"Mozilla/5.0 (Windows NT 10.0; Win64; x64) AppleWebKit/537.36 (KHTML, like Gecko) Chrome/141.0.0.0 Safari/537.36","MachineName":"DESKTOP-CMP5LCV","EnvironmentName":"Development"}
2025-10-24 13:31:53.189 +03:00 [INF] [Serilog.AspNetCore.RequestLoggingMiddleware] HTTP GET /health responded 200 in 85.3189ms {"RequestHost":"localhost:5135","RequestScheme":"http","UserAgent":"Mozilla/5.0 (Windows NT 10.0; Win64; x64) AppleWebKit/537.36 (KHTML, like Gecko) Chrome/141.0.0.0 Safari/537.36","RemoteIpAddress":"::1","RequestQuery":"","RequestId":"0HNGIT266F3U1:00000002","ConnectionId":"0HNGIT266F3U1","MachineName":"DESKTOP-CMP5LCV","EnvironmentName":"Development"}
2025-10-24 13:31:53.196 +03:00 [INF] [pos_system_api.API.Middleware.RequestResponseLoggingMiddleware] HTTP GET /health responded 200 in 102ms {"RequestId":"0HNGIT266F3U1:00000002","ConnectionId":"0HNGIT266F3U1","RemoteIpAddress":"::1","UserAgent":"Mozilla/5.0 (Windows NT 10.0; Win64; x64) AppleWebKit/537.36 (KHTML, like Gecko) Chrome/141.0.0.0 Safari/537.36","MachineName":"DESKTOP-CMP5LCV","EnvironmentName":"Development"}
2025-10-24 13:31:58.895 +03:00 [INF] [pos_system_api.API.Middleware.RequestResponseLoggingMiddleware] HTTP GET /health started {"RequestId":"0HNGIT266F3U1:00000003","ConnectionId":"0HNGIT266F3U1","RemoteIpAddress":"::1","UserAgent":"Mozilla/5.0 (Windows NT 10.0; Win64; x64) AppleWebKit/537.36 (KHTML, like Gecko) Chrome/141.0.0.0 Safari/537.36","MachineName":"DESKTOP-CMP5LCV","EnvironmentName":"Development"}
2025-10-24 13:31:58.899 +03:00 [INF] [Serilog.AspNetCore.RequestLoggingMiddleware] HTTP GET /health responded 200 in 0.8691ms {"RequestHost":"localhost:5135","RequestScheme":"http","UserAgent":"Mozilla/5.0 (Windows NT 10.0; Win64; x64) AppleWebKit/537.36 (KHTML, like Gecko) Chrome/141.0.0.0 Safari/537.36","RemoteIpAddress":"::1","RequestQuery":"","RequestId":"0HNGIT266F3U1:00000003","ConnectionId":"0HNGIT266F3U1","MachineName":"DESKTOP-CMP5LCV","EnvironmentName":"Development"}
2025-10-24 13:31:58.905 +03:00 [INF] [pos_system_api.API.Middleware.RequestResponseLoggingMiddleware] HTTP GET /health responded 200 in 10ms {"RequestId":"0HNGIT266F3U1:00000003","ConnectionId":"0HNGIT266F3U1","RemoteIpAddress":"::1","UserAgent":"Mozilla/5.0 (Windows NT 10.0; Win64; x64) AppleWebKit/537.36 (KHTML, like Gecko) Chrome/141.0.0.0 Safari/537.36","MachineName":"DESKTOP-CMP5LCV","EnvironmentName":"Development"}
2025-10-24 13:32:02.888 +03:00 [INF] [pos_system_api.API.Middleware.RequestResponseLoggingMiddleware] HTTP GET /Swagger/index.html started {"RequestId":"0HNGIT266F3U1:00000004","ConnectionId":"0HNGIT266F3U1","RemoteIpAddress":"::1","UserAgent":"Mozilla/5.0 (Windows NT 10.0; Win64; x64) AppleWebKit/537.36 (KHTML, like Gecko) Chrome/141.0.0.0 Safari/537.36","MachineName":"DESKTOP-CMP5LCV","EnvironmentName":"Development"}
2025-10-24 13:32:02.896 +03:00 [ERR] [Serilog.AspNetCore.RequestLoggingMiddleware] HTTP GET /Swagger/index.html responded 500 in 5.0780ms {"RequestHost":"localhost:5135","RequestScheme":"http","UserAgent":"Mozilla/5.0 (Windows NT 10.0; Win64; x64) AppleWebKit/537.36 (KHTML, like Gecko) Chrome/141.0.0.0 Safari/537.36","RemoteIpAddress":"::1","RequestQuery":"","RequestId":"0HNGIT266F3U1:00000004","ConnectionId":"0HNGIT266F3U1","MachineName":"DESKTOP-CMP5LCV","EnvironmentName":"Development"}
System.MissingMethodException: Method not found: 'Void System.Text.Json.Serialization.Metadata.JsonObjectInfoValues`1.set_ObjectCreator(System.Func`1<!0>)'.
   at Swashbuckle.AspNetCore.SwaggerUI.SwaggerUIOptionsJsonContext.get_ConfigObject()
   at Swashbuckle.AspNetCore.SwaggerUI.SwaggerUIMiddleware.GetIndexArguments()
   at Swashbuckle.AspNetCore.SwaggerUI.SwaggerUIMiddleware.RespondWithFile(HttpResponse response, String fileName)
   at Swashbuckle.AspNetCore.SwaggerUI.SwaggerUIMiddleware.Invoke(HttpContext httpContext)
   at Swashbuckle.AspNetCore.Swagger.SwaggerMiddleware.Invoke(HttpContext httpContext, ISwaggerProvider swaggerProvider)
   at Serilog.AspNetCore.RequestLoggingMiddleware.Invoke(HttpContext httpContext)
2025-10-24 13:32:02.908 +03:00 [ERR] [pos_system_api.API.Middleware.RequestResponseLoggingMiddleware] HTTP GET /Swagger/index.html failed after 19ms {"RequestId":"0HNGIT266F3U1:00000004","ConnectionId":"0HNGIT266F3U1","RemoteIpAddress":"::1","UserAgent":"Mozilla/5.0 (Windows NT 10.0; Win64; x64) AppleWebKit/537.36 (KHTML, like Gecko) Chrome/141.0.0.0 Safari/537.36","MachineName":"DESKTOP-CMP5LCV","EnvironmentName":"Development"}
System.MissingMethodException: Method not found: 'Void System.Text.Json.Serialization.Metadata.JsonObjectInfoValues`1.set_ObjectCreator(System.Func`1<!0>)'.
   at Swashbuckle.AspNetCore.SwaggerUI.SwaggerUIOptionsJsonContext.get_ConfigObject()
   at Swashbuckle.AspNetCore.SwaggerUI.SwaggerUIMiddleware.GetIndexArguments()
   at Swashbuckle.AspNetCore.SwaggerUI.SwaggerUIMiddleware.RespondWithFile(HttpResponse response, String fileName)
   at Swashbuckle.AspNetCore.SwaggerUI.SwaggerUIMiddleware.Invoke(HttpContext httpContext)
   at Swashbuckle.AspNetCore.Swagger.SwaggerMiddleware.Invoke(HttpContext httpContext, ISwaggerProvider swaggerProvider)
   at Serilog.AspNetCore.RequestLoggingMiddleware.Invoke(HttpContext httpContext)
   at pos_system_api.API.Middleware.RequestResponseLoggingMiddleware.InvokeAsync(HttpContext context) in C:\Users\pc\Documents\My Projects\pos_system_api\src\API\Middleware\RequestResponseLoggingMiddleware.cs:line 50
2025-10-24 13:32:02.919 +03:00 [ERR] [pos_system_api.API.Middleware.GlobalExceptionHandlingMiddleware] Exception handled: MissingMethodException - Method not found: 'Void System.Text.Json.Serialization.Metadata.JsonObjectInfoValues`1.set_ObjectCreator(System.Func`1<!0>)'. {"RequestId":"0HNGIT266F3U1:00000004","RequestPath":"/Swagger/index.html","ConnectionId":"0HNGIT266F3U1","MachineName":"DESKTOP-CMP5LCV","EnvironmentName":"Development"}
System.MissingMethodException: Method not found: 'Void System.Text.Json.Serialization.Metadata.JsonObjectInfoValues`1.set_ObjectCreator(System.Func`1<!0>)'.
   at Swashbuckle.AspNetCore.SwaggerUI.SwaggerUIOptionsJsonContext.get_ConfigObject()
   at Swashbuckle.AspNetCore.SwaggerUI.SwaggerUIMiddleware.GetIndexArguments()
   at Swashbuckle.AspNetCore.SwaggerUI.SwaggerUIMiddleware.RespondWithFile(HttpResponse response, String fileName)
   at Swashbuckle.AspNetCore.SwaggerUI.SwaggerUIMiddleware.Invoke(HttpContext httpContext)
   at Swashbuckle.AspNetCore.Swagger.SwaggerMiddleware.Invoke(HttpContext httpContext, ISwaggerProvider swaggerProvider)
   at Serilog.AspNetCore.RequestLoggingMiddleware.Invoke(HttpContext httpContext)
   at pos_system_api.API.Middleware.RequestResponseLoggingMiddleware.InvokeAsync(HttpContext context) in C:\Users\pc\Documents\My Projects\pos_system_api\src\API\Middleware\RequestResponseLoggingMiddleware.cs:line 50
   at pos_system_api.API.Middleware.GlobalExceptionHandlingMiddleware.InvokeAsync(HttpContext context) in C:\Users\pc\Documents\My Projects\pos_system_api\src\API\Middleware\GlobalExceptionHandlingMiddleware.cs:line 29
2025-10-24 13:32:03.608 +03:00 [INF] [pos_system_api.API.Middleware.RequestResponseLoggingMiddleware] HTTP GET /Swagger/index.html started {"RequestId":"0HNGIT266F3U1:00000005","ConnectionId":"0HNGIT266F3U1","RemoteIpAddress":"::1","UserAgent":"Mozilla/5.0 (Windows NT 10.0; Win64; x64) AppleWebKit/537.36 (KHTML, like Gecko) Chrome/141.0.0.0 Safari/537.36","MachineName":"DESKTOP-CMP5LCV","EnvironmentName":"Development"}
2025-10-24 13:32:03.613 +03:00 [ERR] [Serilog.AspNetCore.RequestLoggingMiddleware] HTTP GET /Swagger/index.html responded 500 in 1.6074ms {"RequestHost":"localhost:5135","RequestScheme":"http","UserAgent":"Mozilla/5.0 (Windows NT 10.0; Win64; x64) AppleWebKit/537.36 (KHTML, like Gecko) Chrome/141.0.0.0 Safari/537.36","RemoteIpAddress":"::1","RequestQuery":"","RequestId":"0HNGIT266F3U1:00000005","ConnectionId":"0HNGIT266F3U1","MachineName":"DESKTOP-CMP5LCV","EnvironmentName":"Development"}
System.MissingMethodException: Method not found: 'Void System.Text.Json.Serialization.Metadata.JsonObjectInfoValues`1.set_ObjectCreator(System.Func`1<!0>)'.
   at Swashbuckle.AspNetCore.SwaggerUI.SwaggerUIOptionsJsonContext.get_ConfigObject()
   at Swashbuckle.AspNetCore.SwaggerUI.SwaggerUIMiddleware.GetIndexArguments()
   at Swashbuckle.AspNetCore.SwaggerUI.SwaggerUIMiddleware.RespondWithFile(HttpResponse response, String fileName)
   at Swashbuckle.AspNetCore.SwaggerUI.SwaggerUIMiddleware.Invoke(HttpContext httpContext)
   at Swashbuckle.AspNetCore.Swagger.SwaggerMiddleware.Invoke(HttpContext httpContext, ISwaggerProvider swaggerProvider)
   at Serilog.AspNetCore.RequestLoggingMiddleware.Invoke(HttpContext httpContext)
2025-10-24 13:32:03.618 +03:00 [ERR] [pos_system_api.API.Middleware.RequestResponseLoggingMiddleware] HTTP GET /Swagger/index.html failed after 9ms {"RequestId":"0HNGIT266F3U1:00000005","ConnectionId":"0HNGIT266F3U1","RemoteIpAddress":"::1","UserAgent":"Mozilla/5.0 (Windows NT 10.0; Win64; x64) AppleWebKit/537.36 (KHTML, like Gecko) Chrome/141.0.0.0 Safari/537.36","MachineName":"DESKTOP-CMP5LCV","EnvironmentName":"Development"}
System.MissingMethodException: Method not found: 'Void System.Text.Json.Serialization.Metadata.JsonObjectInfoValues`1.set_ObjectCreator(System.Func`1<!0>)'.
   at Swashbuckle.AspNetCore.SwaggerUI.SwaggerUIOptionsJsonContext.get_ConfigObject()
   at Swashbuckle.AspNetCore.SwaggerUI.SwaggerUIMiddleware.GetIndexArguments()
   at Swashbuckle.AspNetCore.SwaggerUI.SwaggerUIMiddleware.RespondWithFile(HttpResponse response, String fileName)
   at Swashbuckle.AspNetCore.SwaggerUI.SwaggerUIMiddleware.Invoke(HttpContext httpContext)
   at Swashbuckle.AspNetCore.Swagger.SwaggerMiddleware.Invoke(HttpContext httpContext, ISwaggerProvider swaggerProvider)
   at Serilog.AspNetCore.RequestLoggingMiddleware.Invoke(HttpContext httpContext)
   at pos_system_api.API.Middleware.RequestResponseLoggingMiddleware.InvokeAsync(HttpContext context) in C:\Users\pc\Documents\My Projects\pos_system_api\src\API\Middleware\RequestResponseLoggingMiddleware.cs:line 50
2025-10-24 13:32:03.621 +03:00 [ERR] [pos_system_api.API.Middleware.GlobalExceptionHandlingMiddleware] Exception handled: MissingMethodException - Method not found: 'Void System.Text.Json.Serialization.Metadata.JsonObjectInfoValues`1.set_ObjectCreator(System.Func`1<!0>)'. {"RequestId":"0HNGIT266F3U1:00000005","RequestPath":"/Swagger/index.html","ConnectionId":"0HNGIT266F3U1","MachineName":"DESKTOP-CMP5LCV","EnvironmentName":"Development"}
System.MissingMethodException: Method not found: 'Void System.Text.Json.Serialization.Metadata.JsonObjectInfoValues`1.set_ObjectCreator(System.Func`1<!0>)'.
   at Swashbuckle.AspNetCore.SwaggerUI.SwaggerUIOptionsJsonContext.get_ConfigObject()
   at Swashbuckle.AspNetCore.SwaggerUI.SwaggerUIMiddleware.GetIndexArguments()
   at Swashbuckle.AspNetCore.SwaggerUI.SwaggerUIMiddleware.RespondWithFile(HttpResponse response, String fileName)
   at Swashbuckle.AspNetCore.SwaggerUI.SwaggerUIMiddleware.Invoke(HttpContext httpContext)
   at Swashbuckle.AspNetCore.Swagger.SwaggerMiddleware.Invoke(HttpContext httpContext, ISwaggerProvider swaggerProvider)
   at Serilog.AspNetCore.RequestLoggingMiddleware.Invoke(HttpContext httpContext)
   at pos_system_api.API.Middleware.RequestResponseLoggingMiddleware.InvokeAsync(HttpContext context) in C:\Users\pc\Documents\My Projects\pos_system_api\src\API\Middleware\RequestResponseLoggingMiddleware.cs:line 50
   at pos_system_api.API.Middleware.GlobalExceptionHandlingMiddleware.InvokeAsync(HttpContext context) in C:\Users\pc\Documents\My Projects\pos_system_api\src\API\Middleware\GlobalExceptionHandlingMiddleware.cs:line 29
2025-10-24 13:39:00.837 +03:00 [INF] [] Shutting down POS System API... {"MachineName":"DESKTOP-CMP5LCV","EnvironmentName":"Development"}
2025-10-24 13:39:30.354 +03:00 [INF] [] Starting POS System API... {"MachineName":"DESKTOP-CMP5LCV","EnvironmentName":"Development"}
2025-10-24 13:39:31.166 +03:00 [WRN] [Microsoft.EntityFrameworkCore.Model.Validation] The property 'ShopInventory.Batches' is a collection or enumeration type with a value converter but with no value comparer. Set a value comparer to ensure the collection/enumeration elements are compared correctly. {"EventId":{"Id":10620,"Name":"Microsoft.EntityFrameworkCore.Model.Validation.CollectionWithoutComparer"},"MachineName":"DESKTOP-CMP5LCV","EnvironmentName":"Development"}
2025-10-24 13:39:31.206 +03:00 [WRN] [Microsoft.EntityFrameworkCore.Model.Validation] The 'bool' property 'IsActive' on entity type 'User' is configured with a database-generated default. This default will always be used for inserts when the property has the value 'false', since this is the CLR default for the 'bool' type. Consider using the nullable 'bool?' type instead, so that the default will only be used for inserts when the property value is 'null'. {"EventId":{"Id":20601,"Name":"Microsoft.EntityFrameworkCore.Model.Validation.BoolWithDefaultWarning"},"MachineName":"DESKTOP-CMP5LCV","EnvironmentName":"Development"}
2025-10-24 13:39:33.146 +03:00 [INF] [] POS System API started successfully {"MachineName":"DESKTOP-CMP5LCV","EnvironmentName":"Development"}
2025-10-24 13:41:27.088 +03:00 [INF] [pos_system_api.API.Middleware.RequestResponseLoggingMiddleware] HTTP GET /swagger/index.html started {"RequestId":"0HNGIT7FBLNK8:00000002","ConnectionId":"0HNGIT7FBLNK8","RemoteIpAddress":"::1","UserAgent":"Mozilla/5.0 (Windows NT 10.0; Win64; x64) AppleWebKit/537.36 (KHTML, like Gecko) Chrome/141.0.0.0 Safari/537.36","MachineName":"DESKTOP-CMP5LCV","EnvironmentName":"Development"}
2025-10-24 13:41:27.116 +03:00 [ERR] [Serilog.AspNetCore.RequestLoggingMiddleware] HTTP GET /swagger/index.html responded 500 in 20.9476ms {"RequestHost":"localhost:5135","RequestScheme":"http","UserAgent":"Mozilla/5.0 (Windows NT 10.0; Win64; x64) AppleWebKit/537.36 (KHTML, like Gecko) Chrome/141.0.0.0 Safari/537.36","RemoteIpAddress":"::1","RequestQuery":"","RequestId":"0HNGIT7FBLNK8:00000002","ConnectionId":"0HNGIT7FBLNK8","MachineName":"DESKTOP-CMP5LCV","EnvironmentName":"Development"}
System.MissingMethodException: Method not found: 'Void System.Text.Json.Serialization.Metadata.JsonObjectInfoValues`1.set_ObjectCreator(System.Func`1<!0>)'.
   at Swashbuckle.AspNetCore.SwaggerUI.SwaggerUIOptionsJsonContext.get_ConfigObject()
   at Swashbuckle.AspNetCore.SwaggerUI.SwaggerUIMiddleware.GetIndexArguments()
   at Swashbuckle.AspNetCore.SwaggerUI.SwaggerUIMiddleware.RespondWithFile(HttpResponse response, String fileName)
   at Swashbuckle.AspNetCore.SwaggerUI.SwaggerUIMiddleware.Invoke(HttpContext httpContext)
   at Swashbuckle.AspNetCore.Swagger.SwaggerMiddleware.Invoke(HttpContext httpContext, ISwaggerProvider swaggerProvider)
   at Serilog.AspNetCore.RequestLoggingMiddleware.Invoke(HttpContext httpContext)
2025-10-24 13:41:27.128 +03:00 [ERR] [pos_system_api.API.Middleware.RequestResponseLoggingMiddleware] HTTP GET /swagger/index.html failed after 45ms {"RequestId":"0HNGIT7FBLNK8:00000002","ConnectionId":"0HNGIT7FBLNK8","RemoteIpAddress":"::1","UserAgent":"Mozilla/5.0 (Windows NT 10.0; Win64; x64) AppleWebKit/537.36 (KHTML, like Gecko) Chrome/141.0.0.0 Safari/537.36","MachineName":"DESKTOP-CMP5LCV","EnvironmentName":"Development"}
System.MissingMethodException: Method not found: 'Void System.Text.Json.Serialization.Metadata.JsonObjectInfoValues`1.set_ObjectCreator(System.Func`1<!0>)'.
   at Swashbuckle.AspNetCore.SwaggerUI.SwaggerUIOptionsJsonContext.get_ConfigObject()
   at Swashbuckle.AspNetCore.SwaggerUI.SwaggerUIMiddleware.GetIndexArguments()
   at Swashbuckle.AspNetCore.SwaggerUI.SwaggerUIMiddleware.RespondWithFile(HttpResponse response, String fileName)
   at Swashbuckle.AspNetCore.SwaggerUI.SwaggerUIMiddleware.Invoke(HttpContext httpContext)
   at Swashbuckle.AspNetCore.Swagger.SwaggerMiddleware.Invoke(HttpContext httpContext, ISwaggerProvider swaggerProvider)
   at Serilog.AspNetCore.RequestLoggingMiddleware.Invoke(HttpContext httpContext)
   at pos_system_api.API.Middleware.RequestResponseLoggingMiddleware.InvokeAsync(HttpContext context) in C:\Users\pc\Documents\My Projects\pos_system_api\src\API\Middleware\RequestResponseLoggingMiddleware.cs:line 50
2025-10-24 13:41:27.154 +03:00 [ERR] [pos_system_api.API.Middleware.GlobalExceptionHandlingMiddleware] Exception handled: MissingMethodException - Method not found: 'Void System.Text.Json.Serialization.Metadata.JsonObjectInfoValues`1.set_ObjectCreator(System.Func`1<!0>)'. {"RequestId":"0HNGIT7FBLNK8:00000002","RequestPath":"/swagger/index.html","ConnectionId":"0HNGIT7FBLNK8","MachineName":"DESKTOP-CMP5LCV","EnvironmentName":"Development"}
System.MissingMethodException: Method not found: 'Void System.Text.Json.Serialization.Metadata.JsonObjectInfoValues`1.set_ObjectCreator(System.Func`1<!0>)'.
   at Swashbuckle.AspNetCore.SwaggerUI.SwaggerUIOptionsJsonContext.get_ConfigObject()
   at Swashbuckle.AspNetCore.SwaggerUI.SwaggerUIMiddleware.GetIndexArguments()
   at Swashbuckle.AspNetCore.SwaggerUI.SwaggerUIMiddleware.RespondWithFile(HttpResponse response, String fileName)
   at Swashbuckle.AspNetCore.SwaggerUI.SwaggerUIMiddleware.Invoke(HttpContext httpContext)
   at Swashbuckle.AspNetCore.Swagger.SwaggerMiddleware.Invoke(HttpContext httpContext, ISwaggerProvider swaggerProvider)
   at Serilog.AspNetCore.RequestLoggingMiddleware.Invoke(HttpContext httpContext)
   at pos_system_api.API.Middleware.RequestResponseLoggingMiddleware.InvokeAsync(HttpContext context) in C:\Users\pc\Documents\My Projects\pos_system_api\src\API\Middleware\RequestResponseLoggingMiddleware.cs:line 50
   at pos_system_api.API.Middleware.GlobalExceptionHandlingMiddleware.InvokeAsync(HttpContext context) in C:\Users\pc\Documents\My Projects\pos_system_api\src\API\Middleware\GlobalExceptionHandlingMiddleware.cs:line 29
2025-10-24 13:41:29.668 +03:00 [INF] [pos_system_api.API.Middleware.RequestResponseLoggingMiddleware] HTTP GET /swagger/index.html started {"RequestId":"0HNGIT7FBLNK8:00000003","ConnectionId":"0HNGIT7FBLNK8","RemoteIpAddress":"::1","UserAgent":"Mozilla/5.0 (Windows NT 10.0; Win64; x64) AppleWebKit/537.36 (KHTML, like Gecko) Chrome/141.0.0.0 Safari/537.36","MachineName":"DESKTOP-CMP5LCV","EnvironmentName":"Development"}
2025-10-24 13:41:29.671 +03:00 [ERR] [Serilog.AspNetCore.RequestLoggingMiddleware] HTTP GET /swagger/index.html responded 500 in 0.3742ms {"RequestHost":"localhost:5135","RequestScheme":"http","UserAgent":"Mozilla/5.0 (Windows NT 10.0; Win64; x64) AppleWebKit/537.36 (KHTML, like Gecko) Chrome/141.0.0.0 Safari/537.36","RemoteIpAddress":"::1","RequestQuery":"","RequestId":"0HNGIT7FBLNK8:00000003","ConnectionId":"0HNGIT7FBLNK8","MachineName":"DESKTOP-CMP5LCV","EnvironmentName":"Development"}
System.MissingMethodException: Method not found: 'Void System.Text.Json.Serialization.Metadata.JsonObjectInfoValues`1.set_ObjectCreator(System.Func`1<!0>)'.
   at Swashbuckle.AspNetCore.SwaggerUI.SwaggerUIOptionsJsonContext.get_ConfigObject()
   at Swashbuckle.AspNetCore.SwaggerUI.SwaggerUIMiddleware.GetIndexArguments()
   at Swashbuckle.AspNetCore.SwaggerUI.SwaggerUIMiddleware.RespondWithFile(HttpResponse response, String fileName)
   at Swashbuckle.AspNetCore.SwaggerUI.SwaggerUIMiddleware.Invoke(HttpContext httpContext)
   at Swashbuckle.AspNetCore.Swagger.SwaggerMiddleware.Invoke(HttpContext httpContext, ISwaggerProvider swaggerProvider)
   at Serilog.AspNetCore.RequestLoggingMiddleware.Invoke(HttpContext httpContext)
2025-10-24 13:41:29.675 +03:00 [ERR] [pos_system_api.API.Middleware.RequestResponseLoggingMiddleware] HTTP GET /swagger/index.html failed after 6ms {"RequestId":"0HNGIT7FBLNK8:00000003","ConnectionId":"0HNGIT7FBLNK8","RemoteIpAddress":"::1","UserAgent":"Mozilla/5.0 (Windows NT 10.0; Win64; x64) AppleWebKit/537.36 (KHTML, like Gecko) Chrome/141.0.0.0 Safari/537.36","MachineName":"DESKTOP-CMP5LCV","EnvironmentName":"Development"}
System.MissingMethodException: Method not found: 'Void System.Text.Json.Serialization.Metadata.JsonObjectInfoValues`1.set_ObjectCreator(System.Func`1<!0>)'.
   at Swashbuckle.AspNetCore.SwaggerUI.SwaggerUIOptionsJsonContext.get_ConfigObject()
   at Swashbuckle.AspNetCore.SwaggerUI.SwaggerUIMiddleware.GetIndexArguments()
   at Swashbuckle.AspNetCore.SwaggerUI.SwaggerUIMiddleware.RespondWithFile(HttpResponse response, String fileName)
   at Swashbuckle.AspNetCore.SwaggerUI.SwaggerUIMiddleware.Invoke(HttpContext httpContext)
   at Swashbuckle.AspNetCore.Swagger.SwaggerMiddleware.Invoke(HttpContext httpContext, ISwaggerProvider swaggerProvider)
   at Serilog.AspNetCore.RequestLoggingMiddleware.Invoke(HttpContext httpContext)
   at pos_system_api.API.Middleware.RequestResponseLoggingMiddleware.InvokeAsync(HttpContext context) in C:\Users\pc\Documents\My Projects\pos_system_api\src\API\Middleware\RequestResponseLoggingMiddleware.cs:line 50
2025-10-24 13:41:29.678 +03:00 [ERR] [pos_system_api.API.Middleware.GlobalExceptionHandlingMiddleware] Exception handled: MissingMethodException - Method not found: 'Void System.Text.Json.Serialization.Metadata.JsonObjectInfoValues`1.set_ObjectCreator(System.Func`1<!0>)'. {"RequestId":"0HNGIT7FBLNK8:00000003","RequestPath":"/swagger/index.html","ConnectionId":"0HNGIT7FBLNK8","MachineName":"DESKTOP-CMP5LCV","EnvironmentName":"Development"}
System.MissingMethodException: Method not found: 'Void System.Text.Json.Serialization.Metadata.JsonObjectInfoValues`1.set_ObjectCreator(System.Func`1<!0>)'.
   at Swashbuckle.AspNetCore.SwaggerUI.SwaggerUIOptionsJsonContext.get_ConfigObject()
   at Swashbuckle.AspNetCore.SwaggerUI.SwaggerUIMiddleware.GetIndexArguments()
   at Swashbuckle.AspNetCore.SwaggerUI.SwaggerUIMiddleware.RespondWithFile(HttpResponse response, String fileName)
   at Swashbuckle.AspNetCore.SwaggerUI.SwaggerUIMiddleware.Invoke(HttpContext httpContext)
   at Swashbuckle.AspNetCore.Swagger.SwaggerMiddleware.Invoke(HttpContext httpContext, ISwaggerProvider swaggerProvider)
   at Serilog.AspNetCore.RequestLoggingMiddleware.Invoke(HttpContext httpContext)
   at pos_system_api.API.Middleware.RequestResponseLoggingMiddleware.InvokeAsync(HttpContext context) in C:\Users\pc\Documents\My Projects\pos_system_api\src\API\Middleware\RequestResponseLoggingMiddleware.cs:line 50
   at pos_system_api.API.Middleware.GlobalExceptionHandlingMiddleware.InvokeAsync(HttpContext context) in C:\Users\pc\Documents\My Projects\pos_system_api\src\API\Middleware\GlobalExceptionHandlingMiddleware.cs:line 29
2025-10-24 13:41:30.519 +03:00 [INF] [pos_system_api.API.Middleware.RequestResponseLoggingMiddleware] HTTP GET /swagger/index.html started {"RequestId":"0HNGIT7FBLNK8:00000004","ConnectionId":"0HNGIT7FBLNK8","RemoteIpAddress":"::1","UserAgent":"Mozilla/5.0 (Windows NT 10.0; Win64; x64) AppleWebKit/537.36 (KHTML, like Gecko) Chrome/141.0.0.0 Safari/537.36","MachineName":"DESKTOP-CMP5LCV","EnvironmentName":"Development"}
2025-10-24 13:41:30.521 +03:00 [ERR] [Serilog.AspNetCore.RequestLoggingMiddleware] HTTP GET /swagger/index.html responded 500 in 0.6279ms {"RequestHost":"localhost:5135","RequestScheme":"http","UserAgent":"Mozilla/5.0 (Windows NT 10.0; Win64; x64) AppleWebKit/537.36 (KHTML, like Gecko) Chrome/141.0.0.0 Safari/537.36","RemoteIpAddress":"::1","RequestQuery":"","RequestId":"0HNGIT7FBLNK8:00000004","ConnectionId":"0HNGIT7FBLNK8","MachineName":"DESKTOP-CMP5LCV","EnvironmentName":"Development"}
System.MissingMethodException: Method not found: 'Void System.Text.Json.Serialization.Metadata.JsonObjectInfoValues`1.set_ObjectCreator(System.Func`1<!0>)'.
   at Swashbuckle.AspNetCore.SwaggerUI.SwaggerUIOptionsJsonContext.get_ConfigObject()
   at Swashbuckle.AspNetCore.SwaggerUI.SwaggerUIMiddleware.GetIndexArguments()
   at Swashbuckle.AspNetCore.SwaggerUI.SwaggerUIMiddleware.RespondWithFile(HttpResponse response, String fileName)
   at Swashbuckle.AspNetCore.SwaggerUI.SwaggerUIMiddleware.Invoke(HttpContext httpContext)
   at Swashbuckle.AspNetCore.Swagger.SwaggerMiddleware.Invoke(HttpContext httpContext, ISwaggerProvider swaggerProvider)
   at Serilog.AspNetCore.RequestLoggingMiddleware.Invoke(HttpContext httpContext)
2025-10-24 13:41:30.525 +03:00 [ERR] [pos_system_api.API.Middleware.RequestResponseLoggingMiddleware] HTTP GET /swagger/index.html failed after 6ms {"RequestId":"0HNGIT7FBLNK8:00000004","ConnectionId":"0HNGIT7FBLNK8","RemoteIpAddress":"::1","UserAgent":"Mozilla/5.0 (Windows NT 10.0; Win64; x64) AppleWebKit/537.36 (KHTML, like Gecko) Chrome/141.0.0.0 Safari/537.36","MachineName":"DESKTOP-CMP5LCV","EnvironmentName":"Development"}
System.MissingMethodException: Method not found: 'Void System.Text.Json.Serialization.Metadata.JsonObjectInfoValues`1.set_ObjectCreator(System.Func`1<!0>)'.
   at Swashbuckle.AspNetCore.SwaggerUI.SwaggerUIOptionsJsonContext.get_ConfigObject()
   at Swashbuckle.AspNetCore.SwaggerUI.SwaggerUIMiddleware.GetIndexArguments()
   at Swashbuckle.AspNetCore.SwaggerUI.SwaggerUIMiddleware.RespondWithFile(HttpResponse response, String fileName)
   at Swashbuckle.AspNetCore.SwaggerUI.SwaggerUIMiddleware.Invoke(HttpContext httpContext)
   at Swashbuckle.AspNetCore.Swagger.SwaggerMiddleware.Invoke(HttpContext httpContext, ISwaggerProvider swaggerProvider)
   at Serilog.AspNetCore.RequestLoggingMiddleware.Invoke(HttpContext httpContext)
   at pos_system_api.API.Middleware.RequestResponseLoggingMiddleware.InvokeAsync(HttpContext context) in C:\Users\pc\Documents\My Projects\pos_system_api\src\API\Middleware\RequestResponseLoggingMiddleware.cs:line 50
2025-10-24 13:41:30.528 +03:00 [ERR] [pos_system_api.API.Middleware.GlobalExceptionHandlingMiddleware] Exception handled: MissingMethodException - Method not found: 'Void System.Text.Json.Serialization.Metadata.JsonObjectInfoValues`1.set_ObjectCreator(System.Func`1<!0>)'. {"RequestId":"0HNGIT7FBLNK8:00000004","RequestPath":"/swagger/index.html","ConnectionId":"0HNGIT7FBLNK8","MachineName":"DESKTOP-CMP5LCV","EnvironmentName":"Development"}
System.MissingMethodException: Method not found: 'Void System.Text.Json.Serialization.Metadata.JsonObjectInfoValues`1.set_ObjectCreator(System.Func`1<!0>)'.
   at Swashbuckle.AspNetCore.SwaggerUI.SwaggerUIOptionsJsonContext.get_ConfigObject()
   at Swashbuckle.AspNetCore.SwaggerUI.SwaggerUIMiddleware.GetIndexArguments()
   at Swashbuckle.AspNetCore.SwaggerUI.SwaggerUIMiddleware.RespondWithFile(HttpResponse response, String fileName)
   at Swashbuckle.AspNetCore.SwaggerUI.SwaggerUIMiddleware.Invoke(HttpContext httpContext)
   at Swashbuckle.AspNetCore.Swagger.SwaggerMiddleware.Invoke(HttpContext httpContext, ISwaggerProvider swaggerProvider)
   at Serilog.AspNetCore.RequestLoggingMiddleware.Invoke(HttpContext httpContext)
   at pos_system_api.API.Middleware.RequestResponseLoggingMiddleware.InvokeAsync(HttpContext context) in C:\Users\pc\Documents\My Projects\pos_system_api\src\API\Middleware\RequestResponseLoggingMiddleware.cs:line 50
   at pos_system_api.API.Middleware.GlobalExceptionHandlingMiddleware.InvokeAsync(HttpContext context) in C:\Users\pc\Documents\My Projects\pos_system_api\src\API\Middleware\GlobalExceptionHandlingMiddleware.cs:line 29
2025-10-24 13:41:30.746 +03:00 [INF] [pos_system_api.API.Middleware.RequestResponseLoggingMiddleware] HTTP GET /swagger/index.html started {"RequestId":"0HNGIT7FBLNK8:00000005","ConnectionId":"0HNGIT7FBLNK8","RemoteIpAddress":"::1","UserAgent":"Mozilla/5.0 (Windows NT 10.0; Win64; x64) AppleWebKit/537.36 (KHTML, like Gecko) Chrome/141.0.0.0 Safari/537.36","MachineName":"DESKTOP-CMP5LCV","EnvironmentName":"Development"}
2025-10-24 13:41:30.751 +03:00 [ERR] [Serilog.AspNetCore.RequestLoggingMiddleware] HTTP GET /swagger/index.html responded 500 in 0.3981ms {"RequestHost":"localhost:5135","RequestScheme":"http","UserAgent":"Mozilla/5.0 (Windows NT 10.0; Win64; x64) AppleWebKit/537.36 (KHTML, like Gecko) Chrome/141.0.0.0 Safari/537.36","RemoteIpAddress":"::1","RequestQuery":"","RequestId":"0HNGIT7FBLNK8:00000005","ConnectionId":"0HNGIT7FBLNK8","MachineName":"DESKTOP-CMP5LCV","EnvironmentName":"Development"}
System.MissingMethodException: Method not found: 'Void System.Text.Json.Serialization.Metadata.JsonObjectInfoValues`1.set_ObjectCreator(System.Func`1<!0>)'.
   at Swashbuckle.AspNetCore.SwaggerUI.SwaggerUIOptionsJsonContext.get_ConfigObject()
   at Swashbuckle.AspNetCore.SwaggerUI.SwaggerUIMiddleware.GetIndexArguments()
   at Swashbuckle.AspNetCore.SwaggerUI.SwaggerUIMiddleware.RespondWithFile(HttpResponse response, String fileName)
   at Swashbuckle.AspNetCore.SwaggerUI.SwaggerUIMiddleware.Invoke(HttpContext httpContext)
   at Swashbuckle.AspNetCore.Swagger.SwaggerMiddleware.Invoke(HttpContext httpContext, ISwaggerProvider swaggerProvider)
   at Serilog.AspNetCore.RequestLoggingMiddleware.Invoke(HttpContext httpContext)
2025-10-24 13:41:30.756 +03:00 [ERR] [pos_system_api.API.Middleware.RequestResponseLoggingMiddleware] HTTP GET /swagger/index.html failed after 9ms {"RequestId":"0HNGIT7FBLNK8:00000005","ConnectionId":"0HNGIT7FBLNK8","RemoteIpAddress":"::1","UserAgent":"Mozilla/5.0 (Windows NT 10.0; Win64; x64) AppleWebKit/537.36 (KHTML, like Gecko) Chrome/141.0.0.0 Safari/537.36","MachineName":"DESKTOP-CMP5LCV","EnvironmentName":"Development"}
System.MissingMethodException: Method not found: 'Void System.Text.Json.Serialization.Metadata.JsonObjectInfoValues`1.set_ObjectCreator(System.Func`1<!0>)'.
   at Swashbuckle.AspNetCore.SwaggerUI.SwaggerUIOptionsJsonContext.get_ConfigObject()
   at Swashbuckle.AspNetCore.SwaggerUI.SwaggerUIMiddleware.GetIndexArguments()
   at Swashbuckle.AspNetCore.SwaggerUI.SwaggerUIMiddleware.RespondWithFile(HttpResponse response, String fileName)
   at Swashbuckle.AspNetCore.SwaggerUI.SwaggerUIMiddleware.Invoke(HttpContext httpContext)
   at Swashbuckle.AspNetCore.Swagger.SwaggerMiddleware.Invoke(HttpContext httpContext, ISwaggerProvider swaggerProvider)
   at Serilog.AspNetCore.RequestLoggingMiddleware.Invoke(HttpContext httpContext)
   at pos_system_api.API.Middleware.RequestResponseLoggingMiddleware.InvokeAsync(HttpContext context) in C:\Users\pc\Documents\My Projects\pos_system_api\src\API\Middleware\RequestResponseLoggingMiddleware.cs:line 50
2025-10-24 13:41:30.759 +03:00 [ERR] [pos_system_api.API.Middleware.GlobalExceptionHandlingMiddleware] Exception handled: MissingMethodException - Method not found: 'Void System.Text.Json.Serialization.Metadata.JsonObjectInfoValues`1.set_ObjectCreator(System.Func`1<!0>)'. {"RequestId":"0HNGIT7FBLNK8:00000005","RequestPath":"/swagger/index.html","ConnectionId":"0HNGIT7FBLNK8","MachineName":"DESKTOP-CMP5LCV","EnvironmentName":"Development"}
System.MissingMethodException: Method not found: 'Void System.Text.Json.Serialization.Metadata.JsonObjectInfoValues`1.set_ObjectCreator(System.Func`1<!0>)'.
   at Swashbuckle.AspNetCore.SwaggerUI.SwaggerUIOptionsJsonContext.get_ConfigObject()
   at Swashbuckle.AspNetCore.SwaggerUI.SwaggerUIMiddleware.GetIndexArguments()
   at Swashbuckle.AspNetCore.SwaggerUI.SwaggerUIMiddleware.RespondWithFile(HttpResponse response, String fileName)
   at Swashbuckle.AspNetCore.SwaggerUI.SwaggerUIMiddleware.Invoke(HttpContext httpContext)
   at Swashbuckle.AspNetCore.Swagger.SwaggerMiddleware.Invoke(HttpContext httpContext, ISwaggerProvider swaggerProvider)
   at Serilog.AspNetCore.RequestLoggingMiddleware.Invoke(HttpContext httpContext)
   at pos_system_api.API.Middleware.RequestResponseLoggingMiddleware.InvokeAsync(HttpContext context) in C:\Users\pc\Documents\My Projects\pos_system_api\src\API\Middleware\RequestResponseLoggingMiddleware.cs:line 50
   at pos_system_api.API.Middleware.GlobalExceptionHandlingMiddleware.InvokeAsync(HttpContext context) in C:\Users\pc\Documents\My Projects\pos_system_api\src\API\Middleware\GlobalExceptionHandlingMiddleware.cs:line 29
2025-10-24 13:41:31.007 +03:00 [INF] [pos_system_api.API.Middleware.RequestResponseLoggingMiddleware] HTTP GET /swagger/index.html started {"RequestId":"0HNGIT7FBLNK8:00000006","ConnectionId":"0HNGIT7FBLNK8","RemoteIpAddress":"::1","UserAgent":"Mozilla/5.0 (Windows NT 10.0; Win64; x64) AppleWebKit/537.36 (KHTML, like Gecko) Chrome/141.0.0.0 Safari/537.36","MachineName":"DESKTOP-CMP5LCV","EnvironmentName":"Development"}
2025-10-24 13:41:31.010 +03:00 [ERR] [Serilog.AspNetCore.RequestLoggingMiddleware] HTTP GET /swagger/index.html responded 500 in 0.2981ms {"RequestHost":"localhost:5135","RequestScheme":"http","UserAgent":"Mozilla/5.0 (Windows NT 10.0; Win64; x64) AppleWebKit/537.36 (KHTML, like Gecko) Chrome/141.0.0.0 Safari/537.36","RemoteIpAddress":"::1","RequestQuery":"","RequestId":"0HNGIT7FBLNK8:00000006","ConnectionId":"0HNGIT7FBLNK8","MachineName":"DESKTOP-CMP5LCV","EnvironmentName":"Development"}
System.MissingMethodException: Method not found: 'Void System.Text.Json.Serialization.Metadata.JsonObjectInfoValues`1.set_ObjectCreator(System.Func`1<!0>)'.
   at Swashbuckle.AspNetCore.SwaggerUI.SwaggerUIOptionsJsonContext.get_ConfigObject()
   at Swashbuckle.AspNetCore.SwaggerUI.SwaggerUIMiddleware.GetIndexArguments()
   at Swashbuckle.AspNetCore.SwaggerUI.SwaggerUIMiddleware.RespondWithFile(HttpResponse response, String fileName)
   at Swashbuckle.AspNetCore.SwaggerUI.SwaggerUIMiddleware.Invoke(HttpContext httpContext)
   at Swashbuckle.AspNetCore.Swagger.SwaggerMiddleware.Invoke(HttpContext httpContext, ISwaggerProvider swaggerProvider)
   at Serilog.AspNetCore.RequestLoggingMiddleware.Invoke(HttpContext httpContext)
2025-10-24 13:41:31.014 +03:00 [ERR] [pos_system_api.API.Middleware.RequestResponseLoggingMiddleware] HTTP GET /swagger/index.html failed after 7ms {"RequestId":"0HNGIT7FBLNK8:00000006","ConnectionId":"0HNGIT7FBLNK8","RemoteIpAddress":"::1","UserAgent":"Mozilla/5.0 (Windows NT 10.0; Win64; x64) AppleWebKit/537.36 (KHTML, like Gecko) Chrome/141.0.0.0 Safari/537.36","MachineName":"DESKTOP-CMP5LCV","EnvironmentName":"Development"}
System.MissingMethodException: Method not found: 'Void System.Text.Json.Serialization.Metadata.JsonObjectInfoValues`1.set_ObjectCreator(System.Func`1<!0>)'.
   at Swashbuckle.AspNetCore.SwaggerUI.SwaggerUIOptionsJsonContext.get_ConfigObject()
   at Swashbuckle.AspNetCore.SwaggerUI.SwaggerUIMiddleware.GetIndexArguments()
   at Swashbuckle.AspNetCore.SwaggerUI.SwaggerUIMiddleware.RespondWithFile(HttpResponse response, String fileName)
   at Swashbuckle.AspNetCore.SwaggerUI.SwaggerUIMiddleware.Invoke(HttpContext httpContext)
   at Swashbuckle.AspNetCore.Swagger.SwaggerMiddleware.Invoke(HttpContext httpContext, ISwaggerProvider swaggerProvider)
   at Serilog.AspNetCore.RequestLoggingMiddleware.Invoke(HttpContext httpContext)
   at pos_system_api.API.Middleware.RequestResponseLoggingMiddleware.InvokeAsync(HttpContext context) in C:\Users\pc\Documents\My Projects\pos_system_api\src\API\Middleware\RequestResponseLoggingMiddleware.cs:line 50
2025-10-24 13:41:31.019 +03:00 [ERR] [pos_system_api.API.Middleware.GlobalExceptionHandlingMiddleware] Exception handled: MissingMethodException - Method not found: 'Void System.Text.Json.Serialization.Metadata.JsonObjectInfoValues`1.set_ObjectCreator(System.Func`1<!0>)'. {"RequestId":"0HNGIT7FBLNK8:00000006","RequestPath":"/swagger/index.html","ConnectionId":"0HNGIT7FBLNK8","MachineName":"DESKTOP-CMP5LCV","EnvironmentName":"Development"}
System.MissingMethodException: Method not found: 'Void System.Text.Json.Serialization.Metadata.JsonObjectInfoValues`1.set_ObjectCreator(System.Func`1<!0>)'.
   at Swashbuckle.AspNetCore.SwaggerUI.SwaggerUIOptionsJsonContext.get_ConfigObject()
   at Swashbuckle.AspNetCore.SwaggerUI.SwaggerUIMiddleware.GetIndexArguments()
   at Swashbuckle.AspNetCore.SwaggerUI.SwaggerUIMiddleware.RespondWithFile(HttpResponse response, String fileName)
   at Swashbuckle.AspNetCore.SwaggerUI.SwaggerUIMiddleware.Invoke(HttpContext httpContext)
   at Swashbuckle.AspNetCore.Swagger.SwaggerMiddleware.Invoke(HttpContext httpContext, ISwaggerProvider swaggerProvider)
   at Serilog.AspNetCore.RequestLoggingMiddleware.Invoke(HttpContext httpContext)
   at pos_system_api.API.Middleware.RequestResponseLoggingMiddleware.InvokeAsync(HttpContext context) in C:\Users\pc\Documents\My Projects\pos_system_api\src\API\Middleware\RequestResponseLoggingMiddleware.cs:line 50
   at pos_system_api.API.Middleware.GlobalExceptionHandlingMiddleware.InvokeAsync(HttpContext context) in C:\Users\pc\Documents\My Projects\pos_system_api\src\API\Middleware\GlobalExceptionHandlingMiddleware.cs:line 29
2025-10-24 13:41:31.231 +03:00 [INF] [pos_system_api.API.Middleware.RequestResponseLoggingMiddleware] HTTP GET /swagger/index.html started {"RequestId":"0HNGIT7FBLNK8:00000007","ConnectionId":"0HNGIT7FBLNK8","RemoteIpAddress":"::1","UserAgent":"Mozilla/5.0 (Windows NT 10.0; Win64; x64) AppleWebKit/537.36 (KHTML, like Gecko) Chrome/141.0.0.0 Safari/537.36","MachineName":"DESKTOP-CMP5LCV","EnvironmentName":"Development"}
2025-10-24 13:41:31.235 +03:00 [ERR] [Serilog.AspNetCore.RequestLoggingMiddleware] HTTP GET /swagger/index.html responded 500 in 0.3435ms {"RequestHost":"localhost:5135","RequestScheme":"http","UserAgent":"Mozilla/5.0 (Windows NT 10.0; Win64; x64) AppleWebKit/537.36 (KHTML, like Gecko) Chrome/141.0.0.0 Safari/537.36","RemoteIpAddress":"::1","RequestQuery":"","RequestId":"0HNGIT7FBLNK8:00000007","ConnectionId":"0HNGIT7FBLNK8","MachineName":"DESKTOP-CMP5LCV","EnvironmentName":"Development"}
System.MissingMethodException: Method not found: 'Void System.Text.Json.Serialization.Metadata.JsonObjectInfoValues`1.set_ObjectCreator(System.Func`1<!0>)'.
   at Swashbuckle.AspNetCore.SwaggerUI.SwaggerUIOptionsJsonContext.get_ConfigObject()
   at Swashbuckle.AspNetCore.SwaggerUI.SwaggerUIMiddleware.GetIndexArguments()
   at Swashbuckle.AspNetCore.SwaggerUI.SwaggerUIMiddleware.RespondWithFile(HttpResponse response, String fileName)
   at Swashbuckle.AspNetCore.SwaggerUI.SwaggerUIMiddleware.Invoke(HttpContext httpContext)
   at Swashbuckle.AspNetCore.Swagger.SwaggerMiddleware.Invoke(HttpContext httpContext, ISwaggerProvider swaggerProvider)
   at Serilog.AspNetCore.RequestLoggingMiddleware.Invoke(HttpContext httpContext)
2025-10-24 13:41:31.239 +03:00 [ERR] [pos_system_api.API.Middleware.RequestResponseLoggingMiddleware] HTTP GET /swagger/index.html failed after 8ms {"RequestId":"0HNGIT7FBLNK8:00000007","ConnectionId":"0HNGIT7FBLNK8","RemoteIpAddress":"::1","UserAgent":"Mozilla/5.0 (Windows NT 10.0; Win64; x64) AppleWebKit/537.36 (KHTML, like Gecko) Chrome/141.0.0.0 Safari/537.36","MachineName":"DESKTOP-CMP5LCV","EnvironmentName":"Development"}
System.MissingMethodException: Method not found: 'Void System.Text.Json.Serialization.Metadata.JsonObjectInfoValues`1.set_ObjectCreator(System.Func`1<!0>)'.
   at Swashbuckle.AspNetCore.SwaggerUI.SwaggerUIOptionsJsonContext.get_ConfigObject()
   at Swashbuckle.AspNetCore.SwaggerUI.SwaggerUIMiddleware.GetIndexArguments()
   at Swashbuckle.AspNetCore.SwaggerUI.SwaggerUIMiddleware.RespondWithFile(HttpResponse response, String fileName)
   at Swashbuckle.AspNetCore.SwaggerUI.SwaggerUIMiddleware.Invoke(HttpContext httpContext)
   at Swashbuckle.AspNetCore.Swagger.SwaggerMiddleware.Invoke(HttpContext httpContext, ISwaggerProvider swaggerProvider)
   at Serilog.AspNetCore.RequestLoggingMiddleware.Invoke(HttpContext httpContext)
   at pos_system_api.API.Middleware.RequestResponseLoggingMiddleware.InvokeAsync(HttpContext context) in C:\Users\pc\Documents\My Projects\pos_system_api\src\API\Middleware\RequestResponseLoggingMiddleware.cs:line 50
2025-10-24 13:41:31.243 +03:00 [ERR] [pos_system_api.API.Middleware.GlobalExceptionHandlingMiddleware] Exception handled: MissingMethodException - Method not found: 'Void System.Text.Json.Serialization.Metadata.JsonObjectInfoValues`1.set_ObjectCreator(System.Func`1<!0>)'. {"RequestId":"0HNGIT7FBLNK8:00000007","RequestPath":"/swagger/index.html","ConnectionId":"0HNGIT7FBLNK8","MachineName":"DESKTOP-CMP5LCV","EnvironmentName":"Development"}
System.MissingMethodException: Method not found: 'Void System.Text.Json.Serialization.Metadata.JsonObjectInfoValues`1.set_ObjectCreator(System.Func`1<!0>)'.
   at Swashbuckle.AspNetCore.SwaggerUI.SwaggerUIOptionsJsonContext.get_ConfigObject()
   at Swashbuckle.AspNetCore.SwaggerUI.SwaggerUIMiddleware.GetIndexArguments()
   at Swashbuckle.AspNetCore.SwaggerUI.SwaggerUIMiddleware.RespondWithFile(HttpResponse response, String fileName)
   at Swashbuckle.AspNetCore.SwaggerUI.SwaggerUIMiddleware.Invoke(HttpContext httpContext)
   at Swashbuckle.AspNetCore.Swagger.SwaggerMiddleware.Invoke(HttpContext httpContext, ISwaggerProvider swaggerProvider)
   at Serilog.AspNetCore.RequestLoggingMiddleware.Invoke(HttpContext httpContext)
   at pos_system_api.API.Middleware.RequestResponseLoggingMiddleware.InvokeAsync(HttpContext context) in C:\Users\pc\Documents\My Projects\pos_system_api\src\API\Middleware\RequestResponseLoggingMiddleware.cs:line 50
   at pos_system_api.API.Middleware.GlobalExceptionHandlingMiddleware.InvokeAsync(HttpContext context) in C:\Users\pc\Documents\My Projects\pos_system_api\src\API\Middleware\GlobalExceptionHandlingMiddleware.cs:line 29
2025-10-24 13:41:31.454 +03:00 [INF] [pos_system_api.API.Middleware.RequestResponseLoggingMiddleware] HTTP GET /swagger/index.html started {"RequestId":"0HNGIT7FBLNK8:00000008","ConnectionId":"0HNGIT7FBLNK8","RemoteIpAddress":"::1","UserAgent":"Mozilla/5.0 (Windows NT 10.0; Win64; x64) AppleWebKit/537.36 (KHTML, like Gecko) Chrome/141.0.0.0 Safari/537.36","MachineName":"DESKTOP-CMP5LCV","EnvironmentName":"Development"}
2025-10-24 13:41:31.457 +03:00 [ERR] [Serilog.AspNetCore.RequestLoggingMiddleware] HTTP GET /swagger/index.html responded 500 in 0.2543ms {"RequestHost":"localhost:5135","RequestScheme":"http","UserAgent":"Mozilla/5.0 (Windows NT 10.0; Win64; x64) AppleWebKit/537.36 (KHTML, like Gecko) Chrome/141.0.0.0 Safari/537.36","RemoteIpAddress":"::1","RequestQuery":"","RequestId":"0HNGIT7FBLNK8:00000008","ConnectionId":"0HNGIT7FBLNK8","MachineName":"DESKTOP-CMP5LCV","EnvironmentName":"Development"}
System.MissingMethodException: Method not found: 'Void System.Text.Json.Serialization.Metadata.JsonObjectInfoValues`1.set_ObjectCreator(System.Func`1<!0>)'.
   at Swashbuckle.AspNetCore.SwaggerUI.SwaggerUIOptionsJsonContext.get_ConfigObject()
   at Swashbuckle.AspNetCore.SwaggerUI.SwaggerUIMiddleware.GetIndexArguments()
   at Swashbuckle.AspNetCore.SwaggerUI.SwaggerUIMiddleware.RespondWithFile(HttpResponse response, String fileName)
   at Swashbuckle.AspNetCore.SwaggerUI.SwaggerUIMiddleware.Invoke(HttpContext httpContext)
   at Swashbuckle.AspNetCore.Swagger.SwaggerMiddleware.Invoke(HttpContext httpContext, ISwaggerProvider swaggerProvider)
   at Serilog.AspNetCore.RequestLoggingMiddleware.Invoke(HttpContext httpContext)
2025-10-24 13:41:31.461 +03:00 [ERR] [pos_system_api.API.Middleware.RequestResponseLoggingMiddleware] HTTP GET /swagger/index.html failed after 6ms {"RequestId":"0HNGIT7FBLNK8:00000008","ConnectionId":"0HNGIT7FBLNK8","RemoteIpAddress":"::1","UserAgent":"Mozilla/5.0 (Windows NT 10.0; Win64; x64) AppleWebKit/537.36 (KHTML, like Gecko) Chrome/141.0.0.0 Safari/537.36","MachineName":"DESKTOP-CMP5LCV","EnvironmentName":"Development"}
System.MissingMethodException: Method not found: 'Void System.Text.Json.Serialization.Metadata.JsonObjectInfoValues`1.set_ObjectCreator(System.Func`1<!0>)'.
   at Swashbuckle.AspNetCore.SwaggerUI.SwaggerUIOptionsJsonContext.get_ConfigObject()
   at Swashbuckle.AspNetCore.SwaggerUI.SwaggerUIMiddleware.GetIndexArguments()
   at Swashbuckle.AspNetCore.SwaggerUI.SwaggerUIMiddleware.RespondWithFile(HttpResponse response, String fileName)
   at Swashbuckle.AspNetCore.SwaggerUI.SwaggerUIMiddleware.Invoke(HttpContext httpContext)
   at Swashbuckle.AspNetCore.Swagger.SwaggerMiddleware.Invoke(HttpContext httpContext, ISwaggerProvider swaggerProvider)
   at Serilog.AspNetCore.RequestLoggingMiddleware.Invoke(HttpContext httpContext)
   at pos_system_api.API.Middleware.RequestResponseLoggingMiddleware.InvokeAsync(HttpContext context) in C:\Users\pc\Documents\My Projects\pos_system_api\src\API\Middleware\RequestResponseLoggingMiddleware.cs:line 50
2025-10-24 13:41:31.464 +03:00 [ERR] [pos_system_api.API.Middleware.GlobalExceptionHandlingMiddleware] Exception handled: MissingMethodException - Method not found: 'Void System.Text.Json.Serialization.Metadata.JsonObjectInfoValues`1.set_ObjectCreator(System.Func`1<!0>)'. {"RequestId":"0HNGIT7FBLNK8:00000008","RequestPath":"/swagger/index.html","ConnectionId":"0HNGIT7FBLNK8","MachineName":"DESKTOP-CMP5LCV","EnvironmentName":"Development"}
System.MissingMethodException: Method not found: 'Void System.Text.Json.Serialization.Metadata.JsonObjectInfoValues`1.set_ObjectCreator(System.Func`1<!0>)'.
   at Swashbuckle.AspNetCore.SwaggerUI.SwaggerUIOptionsJsonContext.get_ConfigObject()
   at Swashbuckle.AspNetCore.SwaggerUI.SwaggerUIMiddleware.GetIndexArguments()
   at Swashbuckle.AspNetCore.SwaggerUI.SwaggerUIMiddleware.RespondWithFile(HttpResponse response, String fileName)
   at Swashbuckle.AspNetCore.SwaggerUI.SwaggerUIMiddleware.Invoke(HttpContext httpContext)
   at Swashbuckle.AspNetCore.Swagger.SwaggerMiddleware.Invoke(HttpContext httpContext, ISwaggerProvider swaggerProvider)
   at Serilog.AspNetCore.RequestLoggingMiddleware.Invoke(HttpContext httpContext)
   at pos_system_api.API.Middleware.RequestResponseLoggingMiddleware.InvokeAsync(HttpContext context) in C:\Users\pc\Documents\My Projects\pos_system_api\src\API\Middleware\RequestResponseLoggingMiddleware.cs:line 50
   at pos_system_api.API.Middleware.GlobalExceptionHandlingMiddleware.InvokeAsync(HttpContext context) in C:\Users\pc\Documents\My Projects\pos_system_api\src\API\Middleware\GlobalExceptionHandlingMiddleware.cs:line 29
2025-10-24 13:41:32.153 +03:00 [INF] [pos_system_api.API.Middleware.RequestResponseLoggingMiddleware] HTTP GET /swagger/index.html started {"RequestId":"0HNGIT7FBLNK8:00000009","ConnectionId":"0HNGIT7FBLNK8","RemoteIpAddress":"::1","UserAgent":"Mozilla/5.0 (Windows NT 10.0; Win64; x64) AppleWebKit/537.36 (KHTML, like Gecko) Chrome/141.0.0.0 Safari/537.36","MachineName":"DESKTOP-CMP5LCV","EnvironmentName":"Development"}
2025-10-24 13:41:32.156 +03:00 [ERR] [Serilog.AspNetCore.RequestLoggingMiddleware] HTTP GET /swagger/index.html responded 500 in 0.2277ms {"RequestHost":"localhost:5135","RequestScheme":"http","UserAgent":"Mozilla/5.0 (Windows NT 10.0; Win64; x64) AppleWebKit/537.36 (KHTML, like Gecko) Chrome/141.0.0.0 Safari/537.36","RemoteIpAddress":"::1","RequestQuery":"","RequestId":"0HNGIT7FBLNK8:00000009","ConnectionId":"0HNGIT7FBLNK8","MachineName":"DESKTOP-CMP5LCV","EnvironmentName":"Development"}
System.MissingMethodException: Method not found: 'Void System.Text.Json.Serialization.Metadata.JsonObjectInfoValues`1.set_ObjectCreator(System.Func`1<!0>)'.
   at Swashbuckle.AspNetCore.SwaggerUI.SwaggerUIOptionsJsonContext.get_ConfigObject()
   at Swashbuckle.AspNetCore.SwaggerUI.SwaggerUIMiddleware.GetIndexArguments()
   at Swashbuckle.AspNetCore.SwaggerUI.SwaggerUIMiddleware.RespondWithFile(HttpResponse response, String fileName)
   at Swashbuckle.AspNetCore.SwaggerUI.SwaggerUIMiddleware.Invoke(HttpContext httpContext)
   at Swashbuckle.AspNetCore.Swagger.SwaggerMiddleware.Invoke(HttpContext httpContext, ISwaggerProvider swaggerProvider)
   at Serilog.AspNetCore.RequestLoggingMiddleware.Invoke(HttpContext httpContext)
2025-10-24 13:41:32.159 +03:00 [ERR] [pos_system_api.API.Middleware.RequestResponseLoggingMiddleware] HTTP GET /swagger/index.html failed after 6ms {"RequestId":"0HNGIT7FBLNK8:00000009","ConnectionId":"0HNGIT7FBLNK8","RemoteIpAddress":"::1","UserAgent":"Mozilla/5.0 (Windows NT 10.0; Win64; x64) AppleWebKit/537.36 (KHTML, like Gecko) Chrome/141.0.0.0 Safari/537.36","MachineName":"DESKTOP-CMP5LCV","EnvironmentName":"Development"}
System.MissingMethodException: Method not found: 'Void System.Text.Json.Serialization.Metadata.JsonObjectInfoValues`1.set_ObjectCreator(System.Func`1<!0>)'.
   at Swashbuckle.AspNetCore.SwaggerUI.SwaggerUIOptionsJsonContext.get_ConfigObject()
   at Swashbuckle.AspNetCore.SwaggerUI.SwaggerUIMiddleware.GetIndexArguments()
   at Swashbuckle.AspNetCore.SwaggerUI.SwaggerUIMiddleware.RespondWithFile(HttpResponse response, String fileName)
   at Swashbuckle.AspNetCore.SwaggerUI.SwaggerUIMiddleware.Invoke(HttpContext httpContext)
   at Swashbuckle.AspNetCore.Swagger.SwaggerMiddleware.Invoke(HttpContext httpContext, ISwaggerProvider swaggerProvider)
   at Serilog.AspNetCore.RequestLoggingMiddleware.Invoke(HttpContext httpContext)
   at pos_system_api.API.Middleware.RequestResponseLoggingMiddleware.InvokeAsync(HttpContext context) in C:\Users\pc\Documents\My Projects\pos_system_api\src\API\Middleware\RequestResponseLoggingMiddleware.cs:line 50
2025-10-24 13:41:32.162 +03:00 [ERR] [pos_system_api.API.Middleware.GlobalExceptionHandlingMiddleware] Exception handled: MissingMethodException - Method not found: 'Void System.Text.Json.Serialization.Metadata.JsonObjectInfoValues`1.set_ObjectCreator(System.Func`1<!0>)'. {"RequestId":"0HNGIT7FBLNK8:00000009","RequestPath":"/swagger/index.html","ConnectionId":"0HNGIT7FBLNK8","MachineName":"DESKTOP-CMP5LCV","EnvironmentName":"Development"}
System.MissingMethodException: Method not found: 'Void System.Text.Json.Serialization.Metadata.JsonObjectInfoValues`1.set_ObjectCreator(System.Func`1<!0>)'.
   at Swashbuckle.AspNetCore.SwaggerUI.SwaggerUIOptionsJsonContext.get_ConfigObject()
   at Swashbuckle.AspNetCore.SwaggerUI.SwaggerUIMiddleware.GetIndexArguments()
   at Swashbuckle.AspNetCore.SwaggerUI.SwaggerUIMiddleware.RespondWithFile(HttpResponse response, String fileName)
   at Swashbuckle.AspNetCore.SwaggerUI.SwaggerUIMiddleware.Invoke(HttpContext httpContext)
   at Swashbuckle.AspNetCore.Swagger.SwaggerMiddleware.Invoke(HttpContext httpContext, ISwaggerProvider swaggerProvider)
   at Serilog.AspNetCore.RequestLoggingMiddleware.Invoke(HttpContext httpContext)
   at pos_system_api.API.Middleware.RequestResponseLoggingMiddleware.InvokeAsync(HttpContext context) in C:\Users\pc\Documents\My Projects\pos_system_api\src\API\Middleware\RequestResponseLoggingMiddleware.cs:line 50
   at pos_system_api.API.Middleware.GlobalExceptionHandlingMiddleware.InvokeAsync(HttpContext context) in C:\Users\pc\Documents\My Projects\pos_system_api\src\API\Middleware\GlobalExceptionHandlingMiddleware.cs:line 29
2025-10-24 13:41:40.695 +03:00 [INF] [pos_system_api.API.Middleware.RequestResponseLoggingMiddleware] HTTP GET /health started {"RequestId":"0HNGIT7FBLNK8:0000000A","ConnectionId":"0HNGIT7FBLNK8","RemoteIpAddress":"::1","UserAgent":"Mozilla/5.0 (Windows NT 10.0; Win64; x64) AppleWebKit/537.36 (KHTML, like Gecko) Chrome/141.0.0.0 Safari/537.36","MachineName":"DESKTOP-CMP5LCV","EnvironmentName":"Development"}
2025-10-24 13:41:40.761 +03:00 [INF] [Serilog.AspNetCore.RequestLoggingMiddleware] HTTP GET /health responded 200 in 62.8989ms {"RequestHost":"localhost:5135","RequestScheme":"http","UserAgent":"Mozilla/5.0 (Windows NT 10.0; Win64; x64) AppleWebKit/537.36 (KHTML, like Gecko) Chrome/141.0.0.0 Safari/537.36","RemoteIpAddress":"::1","RequestQuery":"","RequestId":"0HNGIT7FBLNK8:0000000A","ConnectionId":"0HNGIT7FBLNK8","MachineName":"DESKTOP-CMP5LCV","EnvironmentName":"Development"}
2025-10-24 13:41:40.764 +03:00 [INF] [pos_system_api.API.Middleware.RequestResponseLoggingMiddleware] HTTP GET /health responded 200 in 69ms {"RequestId":"0HNGIT7FBLNK8:0000000A","ConnectionId":"0HNGIT7FBLNK8","RemoteIpAddress":"::1","UserAgent":"Mozilla/5.0 (Windows NT 10.0; Win64; x64) AppleWebKit/537.36 (KHTML, like Gecko) Chrome/141.0.0.0 Safari/537.36","MachineName":"DESKTOP-CMP5LCV","EnvironmentName":"Development"}
2025-10-24 13:41:43.976 +03:00 [INF] [pos_system_api.API.Middleware.RequestResponseLoggingMiddleware] HTTP GET /Swagger/index.html started {"RequestId":"0HNGIT7FBLNK8:0000000B","ConnectionId":"0HNGIT7FBLNK8","RemoteIpAddress":"::1","UserAgent":"Mozilla/5.0 (Windows NT 10.0; Win64; x64) AppleWebKit/537.36 (KHTML, like Gecko) Chrome/141.0.0.0 Safari/537.36","MachineName":"DESKTOP-CMP5LCV","EnvironmentName":"Development"}
2025-10-24 13:41:43.979 +03:00 [ERR] [Serilog.AspNetCore.RequestLoggingMiddleware] HTTP GET /Swagger/index.html responded 500 in 0.2869ms {"RequestHost":"localhost:5135","RequestScheme":"http","UserAgent":"Mozilla/5.0 (Windows NT 10.0; Win64; x64) AppleWebKit/537.36 (KHTML, like Gecko) Chrome/141.0.0.0 Safari/537.36","RemoteIpAddress":"::1","RequestQuery":"","RequestId":"0HNGIT7FBLNK8:0000000B","ConnectionId":"0HNGIT7FBLNK8","MachineName":"DESKTOP-CMP5LCV","EnvironmentName":"Development"}
System.MissingMethodException: Method not found: 'Void System.Text.Json.Serialization.Metadata.JsonObjectInfoValues`1.set_ObjectCreator(System.Func`1<!0>)'.
   at Swashbuckle.AspNetCore.SwaggerUI.SwaggerUIOptionsJsonContext.get_ConfigObject()
   at Swashbuckle.AspNetCore.SwaggerUI.SwaggerUIMiddleware.GetIndexArguments()
   at Swashbuckle.AspNetCore.SwaggerUI.SwaggerUIMiddleware.RespondWithFile(HttpResponse response, String fileName)
   at Swashbuckle.AspNetCore.SwaggerUI.SwaggerUIMiddleware.Invoke(HttpContext httpContext)
   at Swashbuckle.AspNetCore.Swagger.SwaggerMiddleware.Invoke(HttpContext httpContext, ISwaggerProvider swaggerProvider)
   at Serilog.AspNetCore.RequestLoggingMiddleware.Invoke(HttpContext httpContext)
2025-10-24 13:41:43.985 +03:00 [ERR] [pos_system_api.API.Middleware.RequestResponseLoggingMiddleware] HTTP GET /Swagger/index.html failed after 9ms {"RequestId":"0HNGIT7FBLNK8:0000000B","ConnectionId":"0HNGIT7FBLNK8","RemoteIpAddress":"::1","UserAgent":"Mozilla/5.0 (Windows NT 10.0; Win64; x64) AppleWebKit/537.36 (KHTML, like Gecko) Chrome/141.0.0.0 Safari/537.36","MachineName":"DESKTOP-CMP5LCV","EnvironmentName":"Development"}
System.MissingMethodException: Method not found: 'Void System.Text.Json.Serialization.Metadata.JsonObjectInfoValues`1.set_ObjectCreator(System.Func`1<!0>)'.
   at Swashbuckle.AspNetCore.SwaggerUI.SwaggerUIOptionsJsonContext.get_ConfigObject()
   at Swashbuckle.AspNetCore.SwaggerUI.SwaggerUIMiddleware.GetIndexArguments()
   at Swashbuckle.AspNetCore.SwaggerUI.SwaggerUIMiddleware.RespondWithFile(HttpResponse response, String fileName)
   at Swashbuckle.AspNetCore.SwaggerUI.SwaggerUIMiddleware.Invoke(HttpContext httpContext)
   at Swashbuckle.AspNetCore.Swagger.SwaggerMiddleware.Invoke(HttpContext httpContext, ISwaggerProvider swaggerProvider)
   at Serilog.AspNetCore.RequestLoggingMiddleware.Invoke(HttpContext httpContext)
   at pos_system_api.API.Middleware.RequestResponseLoggingMiddleware.InvokeAsync(HttpContext context) in C:\Users\pc\Documents\My Projects\pos_system_api\src\API\Middleware\RequestResponseLoggingMiddleware.cs:line 50
2025-10-24 13:41:43.989 +03:00 [ERR] [pos_system_api.API.Middleware.GlobalExceptionHandlingMiddleware] Exception handled: MissingMethodException - Method not found: 'Void System.Text.Json.Serialization.Metadata.JsonObjectInfoValues`1.set_ObjectCreator(System.Func`1<!0>)'. {"RequestId":"0HNGIT7FBLNK8:0000000B","RequestPath":"/Swagger/index.html","ConnectionId":"0HNGIT7FBLNK8","MachineName":"DESKTOP-CMP5LCV","EnvironmentName":"Development"}
System.MissingMethodException: Method not found: 'Void System.Text.Json.Serialization.Metadata.JsonObjectInfoValues`1.set_ObjectCreator(System.Func`1<!0>)'.
   at Swashbuckle.AspNetCore.SwaggerUI.SwaggerUIOptionsJsonContext.get_ConfigObject()
   at Swashbuckle.AspNetCore.SwaggerUI.SwaggerUIMiddleware.GetIndexArguments()
   at Swashbuckle.AspNetCore.SwaggerUI.SwaggerUIMiddleware.RespondWithFile(HttpResponse response, String fileName)
   at Swashbuckle.AspNetCore.SwaggerUI.SwaggerUIMiddleware.Invoke(HttpContext httpContext)
   at Swashbuckle.AspNetCore.Swagger.SwaggerMiddleware.Invoke(HttpContext httpContext, ISwaggerProvider swaggerProvider)
   at Serilog.AspNetCore.RequestLoggingMiddleware.Invoke(HttpContext httpContext)
   at pos_system_api.API.Middleware.RequestResponseLoggingMiddleware.InvokeAsync(HttpContext context) in C:\Users\pc\Documents\My Projects\pos_system_api\src\API\Middleware\RequestResponseLoggingMiddleware.cs:line 50
   at pos_system_api.API.Middleware.GlobalExceptionHandlingMiddleware.InvokeAsync(HttpContext context) in C:\Users\pc\Documents\My Projects\pos_system_api\src\API\Middleware\GlobalExceptionHandlingMiddleware.cs:line 29
2025-10-24 13:42:15.633 +03:00 [INF] [] Shutting down POS System API... {"MachineName":"DESKTOP-CMP5LCV","EnvironmentName":"Development"}
2025-10-24 13:44:19.222 +03:00 [INF] [] Starting POS System API... {"MachineName":"DESKTOP-CMP5LCV","EnvironmentName":"Development"}
2025-10-24 13:44:19.936 +03:00 [WRN] [Microsoft.EntityFrameworkCore.Model.Validation] The property 'ShopInventory.Batches' is a collection or enumeration type with a value converter but with no value comparer. Set a value comparer to ensure the collection/enumeration elements are compared correctly. {"EventId":{"Id":10620,"Name":"Microsoft.EntityFrameworkCore.Model.Validation.CollectionWithoutComparer"},"MachineName":"DESKTOP-CMP5LCV","EnvironmentName":"Development"}
2025-10-24 13:44:19.976 +03:00 [WRN] [Microsoft.EntityFrameworkCore.Model.Validation] The 'bool' property 'IsActive' on entity type 'User' is configured with a database-generated default. This default will always be used for inserts when the property has the value 'false', since this is the CLR default for the 'bool' type. Consider using the nullable 'bool?' type instead, so that the default will only be used for inserts when the property value is 'null'. {"EventId":{"Id":20601,"Name":"Microsoft.EntityFrameworkCore.Model.Validation.BoolWithDefaultWarning"},"MachineName":"DESKTOP-CMP5LCV","EnvironmentName":"Development"}
2025-10-24 13:44:21.238 +03:00 [INF] [] POS System API started successfully {"MachineName":"DESKTOP-CMP5LCV","EnvironmentName":"Development"}
2025-10-24 13:44:26.418 +03:00 [INF] [pos_system_api.API.Middleware.RequestResponseLoggingMiddleware] HTTP GET /Swagger/index.html started {"RequestId":"0HNGIT96ML2EA:00000002","ConnectionId":"0HNGIT96ML2EA","RemoteIpAddress":"::1","UserAgent":"Mozilla/5.0 (Windows NT 10.0; Win64; x64) AppleWebKit/537.36 (KHTML, like Gecko) Chrome/141.0.0.0 Safari/537.36","MachineName":"DESKTOP-CMP5LCV","EnvironmentName":"Development"}
2025-10-24 13:44:26.512 +03:00 [INF] [Serilog.AspNetCore.RequestLoggingMiddleware] HTTP GET /Swagger/index.html responded 200 in 88.3314ms {"RequestHost":"localhost:5135","RequestScheme":"http","UserAgent":"Mozilla/5.0 (Windows NT 10.0; Win64; x64) AppleWebKit/537.36 (KHTML, like Gecko) Chrome/141.0.0.0 Safari/537.36","RemoteIpAddress":"::1","RequestQuery":"","RequestId":"0HNGIT96ML2EA:00000002","ConnectionId":"0HNGIT96ML2EA","MachineName":"DESKTOP-CMP5LCV","EnvironmentName":"Development"}
2025-10-24 13:44:26.521 +03:00 [INF] [pos_system_api.API.Middleware.RequestResponseLoggingMiddleware] HTTP GET /Swagger/index.html responded 200 in 108ms {"RequestId":"0HNGIT96ML2EA:00000002","ConnectionId":"0HNGIT96ML2EA","RemoteIpAddress":"::1","UserAgent":"Mozilla/5.0 (Windows NT 10.0; Win64; x64) AppleWebKit/537.36 (KHTML, like Gecko) Chrome/141.0.0.0 Safari/537.36","MachineName":"DESKTOP-CMP5LCV","EnvironmentName":"Development"}
2025-10-24 13:44:26.559 +03:00 [INF] [pos_system_api.API.Middleware.RequestResponseLoggingMiddleware] HTTP GET /Swagger/index.js started {"RequestId":"0HNGIT96ML2EA:00000003","ConnectionId":"0HNGIT96ML2EA","RemoteIpAddress":"::1","UserAgent":"Mozilla/5.0 (Windows NT 10.0; Win64; x64) AppleWebKit/537.36 (KHTML, like Gecko) Chrome/141.0.0.0 Safari/537.36","MachineName":"DESKTOP-CMP5LCV","EnvironmentName":"Development"}
2025-10-24 13:44:26.563 +03:00 [INF] [Serilog.AspNetCore.RequestLoggingMiddleware] HTTP GET /Swagger/index.js responded 200 in 0.7076ms {"RequestHost":"localhost:5135","RequestScheme":"http","UserAgent":"Mozilla/5.0 (Windows NT 10.0; Win64; x64) AppleWebKit/537.36 (KHTML, like Gecko) Chrome/141.0.0.0 Safari/537.36","RemoteIpAddress":"::1","RequestQuery":"","RequestId":"0HNGIT96ML2EA:00000003","ConnectionId":"0HNGIT96ML2EA","MachineName":"DESKTOP-CMP5LCV","EnvironmentName":"Development"}
2025-10-24 13:44:26.567 +03:00 [INF] [pos_system_api.API.Middleware.RequestResponseLoggingMiddleware] HTTP GET /Swagger/index.js responded 200 in 8ms {"RequestId":"0HNGIT96ML2EA:00000003","ConnectionId":"0HNGIT96ML2EA","RemoteIpAddress":"::1","UserAgent":"Mozilla/5.0 (Windows NT 10.0; Win64; x64) AppleWebKit/537.36 (KHTML, like Gecko) Chrome/141.0.0.0 Safari/537.36","MachineName":"DESKTOP-CMP5LCV","EnvironmentName":"Development"}
2025-10-24 13:44:26.709 +03:00 [INF] [pos_system_api.API.Middleware.RequestResponseLoggingMiddleware] HTTP GET /Swagger/v1/swagger.json started {"RequestId":"0HNGIT96ML2EA:00000004","ConnectionId":"0HNGIT96ML2EA","RemoteIpAddress":"::1","UserAgent":"Mozilla/5.0 (Windows NT 10.0; Win64; x64) AppleWebKit/537.36 (KHTML, like Gecko) Chrome/141.0.0.0 Safari/537.36","MachineName":"DESKTOP-CMP5LCV","EnvironmentName":"Development"}
2025-10-24 13:44:26.857 +03:00 [INF] [Serilog.AspNetCore.RequestLoggingMiddleware] HTTP GET /Swagger/v1/swagger.json responded 200 in 144.1093ms {"RequestHost":"localhost:5135","RequestScheme":"http","UserAgent":"Mozilla/5.0 (Windows NT 10.0; Win64; x64) AppleWebKit/537.36 (KHTML, like Gecko) Chrome/141.0.0.0 Safari/537.36","RemoteIpAddress":"::1","RequestQuery":"","RequestId":"0HNGIT96ML2EA:00000004","ConnectionId":"0HNGIT96ML2EA","MachineName":"DESKTOP-CMP5LCV","EnvironmentName":"Development"}
2025-10-24 13:44:26.860 +03:00 [INF] [pos_system_api.API.Middleware.RequestResponseLoggingMiddleware] HTTP GET /Swagger/v1/swagger.json responded 200 in 151ms {"RequestId":"0HNGIT96ML2EA:00000004","ConnectionId":"0HNGIT96ML2EA","RemoteIpAddress":"::1","UserAgent":"Mozilla/5.0 (Windows NT 10.0; Win64; x64) AppleWebKit/537.36 (KHTML, like Gecko) Chrome/141.0.0.0 Safari/537.36","MachineName":"DESKTOP-CMP5LCV","EnvironmentName":"Development"}
2025-10-24 13:45:36.051 +03:00 [INF] [pos_system_api.API.Middleware.RequestResponseLoggingMiddleware] HTTP POST /api/Auth/login started {"RequestId":"0HNGIT96ML2EA:00000005","ConnectionId":"0HNGIT96ML2EA","RemoteIpAddress":"::1","UserAgent":"Mozilla/5.0 (Windows NT 10.0; Win64; x64) AppleWebKit/537.36 (KHTML, like Gecko) Chrome/141.0.0.0 Safari/537.36","MachineName":"DESKTOP-CMP5LCV","EnvironmentName":"Development"}
2025-10-24 13:45:36.277 +03:00 [WRN] [pos_system_api.API.Controllers.AuthController] Login failed for user string: Invalid username or password {"ActionId":"89bb851f-5117-4256-9a0a-970745f06e98","ActionName":"pos_system_api.API.Controllers.AuthController.Login (pos_system_api)","RequestId":"0HNGIT96ML2EA:00000005","RequestPath":"/api/Auth/login","ConnectionId":"0HNGIT96ML2EA","RemoteIpAddress":"::1","UserAgent":"Mozilla/5.0 (Windows NT 10.0; Win64; x64) AppleWebKit/537.36 (KHTML, like Gecko) Chrome/141.0.0.0 Safari/537.36","RequestQuery":"","RequestMethod":"POST","MachineName":"DESKTOP-CMP5LCV","EnvironmentName":"Development"}
2025-10-24 13:45:36.298 +03:00 [INF] [Serilog.AspNetCore.RequestLoggingMiddleware] HTTP POST /api/Auth/login responded 401 in 243.4797ms {"RequestHost":"localhost:5135","RequestScheme":"http","UserAgent":"Mozilla/5.0 (Windows NT 10.0; Win64; x64) AppleWebKit/537.36 (KHTML, like Gecko) Chrome/141.0.0.0 Safari/537.36","RemoteIpAddress":"::1","RequestQuery":"","RequestId":"0HNGIT96ML2EA:00000005","ConnectionId":"0HNGIT96ML2EA","MachineName":"DESKTOP-CMP5LCV","EnvironmentName":"Development"}
2025-10-24 13:45:36.301 +03:00 [WRN] [pos_system_api.API.Middleware.RequestResponseLoggingMiddleware] HTTP POST /api/Auth/login responded 401 in 249ms {"RequestId":"0HNGIT96ML2EA:00000005","ConnectionId":"0HNGIT96ML2EA","RemoteIpAddress":"::1","UserAgent":"Mozilla/5.0 (Windows NT 10.0; Win64; x64) AppleWebKit/537.36 (KHTML, like Gecko) Chrome/141.0.0.0 Safari/537.36","MachineName":"DESKTOP-CMP5LCV","EnvironmentName":"Development"}
2025-10-24 13:46:42.444 +03:00 [INF] [pos_system_api.API.Middleware.RequestResponseLoggingMiddleware] HTTP POST /api/Auth/register started {"RequestId":"0HNGIT96ML2EA:00000006","ConnectionId":"0HNGIT96ML2EA","RemoteIpAddress":"::1","UserAgent":"Mozilla/5.0 (Windows NT 10.0; Win64; x64) AppleWebKit/537.36 (KHTML, like Gecko) Chrome/141.0.0.0 Safari/537.36","MachineName":"DESKTOP-CMP5LCV","EnvironmentName":"Development"}
2025-10-24 13:46:42.567 +03:00 [WRN] [pos_system_api.API.Controllers.AuthController] Invalid registration request: Admin users cannot be assigned to a specific shop {"ActionId":"58ac0fd9-070c-4a33-8564-0f6296ff60df","ActionName":"pos_system_api.API.Controllers.AuthController.Register (pos_system_api)","RequestId":"0HNGIT96ML2EA:00000006","RequestPath":"/api/Auth/register","ConnectionId":"0HNGIT96ML2EA","RemoteIpAddress":"::1","UserAgent":"Mozilla/5.0 (Windows NT 10.0; Win64; x64) AppleWebKit/537.36 (KHTML, like Gecko) Chrome/141.0.0.0 Safari/537.36","RequestQuery":"","RequestMethod":"POST","MachineName":"DESKTOP-CMP5LCV","EnvironmentName":"Development"}
System.ArgumentException: Admin users cannot be assigned to a specific shop
   at pos_system_api.Core.Application.Auth.Commands.Register.RegisterCommandHandler.Handle(RegisterCommand request, CancellationToken cancellationToken) in C:\Users\pc\Documents\My Projects\pos_system_api\src\Core\Application\Auth\Commands\Register\RegisterCommandHandler.cs:line 59
   at pos_system_api.Core.Application.Common.Behaviors.ValidationBehavior`2.Handle(TRequest request, RequestHandlerDelegate`1 next, CancellationToken cancellationToken) in C:\Users\pc\Documents\My Projects\pos_system_api\src\Core\Application\Common\Behaviors\ValidationBehavior.cs:line 0
   at pos_system_api.API.Controllers.AuthController.Register(RegisterRequestDto request) in C:\Users\pc\Documents\My Projects\pos_system_api\src\API\Controllers\AuthController.cs:line 45
2025-10-24 13:46:42.587 +03:00 [INF] [Serilog.AspNetCore.RequestLoggingMiddleware] HTTP POST /api/Auth/register responded 400 in 140.3461ms {"RequestHost":"localhost:5135","RequestScheme":"http","UserAgent":"Mozilla/5.0 (Windows NT 10.0; Win64; x64) AppleWebKit/537.36 (KHTML, like Gecko) Chrome/141.0.0.0 Safari/537.36","RemoteIpAddress":"::1","RequestQuery":"","RequestId":"0HNGIT96ML2EA:00000006","ConnectionId":"0HNGIT96ML2EA","MachineName":"DESKTOP-CMP5LCV","EnvironmentName":"Development"}
2025-10-24 13:46:42.590 +03:00 [WRN] [pos_system_api.API.Middleware.RequestResponseLoggingMiddleware] HTTP POST /api/Auth/register responded 400 in 146ms {"RequestId":"0HNGIT96ML2EA:00000006","ConnectionId":"0HNGIT96ML2EA","RemoteIpAddress":"::1","UserAgent":"Mozilla/5.0 (Windows NT 10.0; Win64; x64) AppleWebKit/537.36 (KHTML, like Gecko) Chrome/141.0.0.0 Safari/537.36","MachineName":"DESKTOP-CMP5LCV","EnvironmentName":"Development"}
2025-10-24 13:46:57.318 +03:00 [INF] [pos_system_api.API.Middleware.RequestResponseLoggingMiddleware] HTTP POST /api/Auth/register started {"RequestId":"0HNGIT96ML2EA:00000007","ConnectionId":"0HNGIT96ML2EA","RemoteIpAddress":"::1","UserAgent":"Mozilla/5.0 (Windows NT 10.0; Win64; x64) AppleWebKit/537.36 (KHTML, like Gecko) Chrome/141.0.0.0 Safari/537.36","MachineName":"DESKTOP-CMP5LCV","EnvironmentName":"Development"}
2025-10-24 13:46:57.727 +03:00 [INF] [pos_system_api.API.Controllers.AuthController] User halgurd registered successfully {"ActionId":"58ac0fd9-070c-4a33-8564-0f6296ff60df","ActionName":"pos_system_api.API.Controllers.AuthController.Register (pos_system_api)","RequestId":"0HNGIT96ML2EA:00000007","RequestPath":"/api/Auth/register","ConnectionId":"0HNGIT96ML2EA","RemoteIpAddress":"::1","UserAgent":"Mozilla/5.0 (Windows NT 10.0; Win64; x64) AppleWebKit/537.36 (KHTML, like Gecko) Chrome/141.0.0.0 Safari/537.36","RequestQuery":"","RequestMethod":"POST","MachineName":"DESKTOP-CMP5LCV","EnvironmentName":"Development"}
2025-10-24 13:46:57.748 +03:00 [INF] [Serilog.AspNetCore.RequestLoggingMiddleware] HTTP POST /api/Auth/register responded 201 in 427.0694ms {"RequestHost":"localhost:5135","RequestScheme":"http","UserAgent":"Mozilla/5.0 (Windows NT 10.0; Win64; x64) AppleWebKit/537.36 (KHTML, like Gecko) Chrome/141.0.0.0 Safari/537.36","RemoteIpAddress":"::1","RequestQuery":"","RequestId":"0HNGIT96ML2EA:00000007","ConnectionId":"0HNGIT96ML2EA","MachineName":"DESKTOP-CMP5LCV","EnvironmentName":"Development"}
2025-10-24 13:46:57.751 +03:00 [INF] [pos_system_api.API.Middleware.RequestResponseLoggingMiddleware] HTTP POST /api/Auth/register responded 201 in 432ms {"RequestId":"0HNGIT96ML2EA:00000007","ConnectionId":"0HNGIT96ML2EA","RemoteIpAddress":"::1","UserAgent":"Mozilla/5.0 (Windows NT 10.0; Win64; x64) AppleWebKit/537.36 (KHTML, like Gecko) Chrome/141.0.0.0 Safari/537.36","MachineName":"DESKTOP-CMP5LCV","EnvironmentName":"Development"}
2025-10-24 13:47:58.039 +03:00 [INF] [pos_system_api.API.Middleware.RequestResponseLoggingMiddleware] HTTP POST /api/Auth/login started {"RequestId":"0HNGIT96ML2EA:00000008","ConnectionId":"0HNGIT96ML2EA","RemoteIpAddress":"::1","UserAgent":"Mozilla/5.0 (Windows NT 10.0; Win64; x64) AppleWebKit/537.36 (KHTML, like Gecko) Chrome/141.0.0.0 Safari/537.36","MachineName":"DESKTOP-CMP5LCV","EnvironmentName":"Development"}
2025-10-24 13:47:58.356 +03:00 [INF] [pos_system_api.API.Controllers.AuthController] User halgurd logged in successfully {"ActionId":"89bb851f-5117-4256-9a0a-970745f06e98","ActionName":"pos_system_api.API.Controllers.AuthController.Login (pos_system_api)","RequestId":"0HNGIT96ML2EA:00000008","RequestPath":"/api/Auth/login","ConnectionId":"0HNGIT96ML2EA","RemoteIpAddress":"::1","UserAgent":"Mozilla/5.0 (Windows NT 10.0; Win64; x64) AppleWebKit/537.36 (KHTML, like Gecko) Chrome/141.0.0.0 Safari/537.36","RequestQuery":"","RequestMethod":"POST","MachineName":"DESKTOP-CMP5LCV","EnvironmentName":"Development"}
2025-10-24 13:47:58.366 +03:00 [INF] [Serilog.AspNetCore.RequestLoggingMiddleware] HTTP POST /api/Auth/login responded 200 in 323.6118ms {"RequestHost":"localhost:5135","RequestScheme":"http","UserAgent":"Mozilla/5.0 (Windows NT 10.0; Win64; x64) AppleWebKit/537.36 (KHTML, like Gecko) Chrome/141.0.0.0 Safari/537.36","RemoteIpAddress":"::1","RequestQuery":"","RequestId":"0HNGIT96ML2EA:00000008","ConnectionId":"0HNGIT96ML2EA","MachineName":"DESKTOP-CMP5LCV","EnvironmentName":"Development"}
2025-10-24 13:47:58.369 +03:00 [INF] [pos_system_api.API.Middleware.RequestResponseLoggingMiddleware] HTTP POST /api/Auth/login responded 200 in 329ms {"RequestId":"0HNGIT96ML2EA:00000008","ConnectionId":"0HNGIT96ML2EA","RemoteIpAddress":"::1","UserAgent":"Mozilla/5.0 (Windows NT 10.0; Win64; x64) AppleWebKit/537.36 (KHTML, like Gecko) Chrome/141.0.0.0 Safari/537.36","MachineName":"DESKTOP-CMP5LCV","EnvironmentName":"Development"}
2025-10-24 13:50:40.088 +03:00 [INF] [pos_system_api.API.Middleware.RequestResponseLoggingMiddleware] HTTP GET /api/Auth/me started {"RequestId":"0HNGIT96ML2EC:00000002","ConnectionId":"0HNGIT96ML2EC","RemoteIpAddress":"::1","UserAgent":"Mozilla/5.0 (Windows NT 10.0; Win64; x64) AppleWebKit/537.36 (KHTML, like Gecko) Chrome/141.0.0.0 Safari/537.36","MachineName":"DESKTOP-CMP5LCV","EnvironmentName":"Development"}
2025-10-24 13:50:40.095 +03:00 [INF] [Serilog.AspNetCore.RequestLoggingMiddleware] HTTP GET /api/Auth/me responded 401 in 4.6381ms {"RequestHost":"localhost:5135","RequestScheme":"http","UserAgent":"Mozilla/5.0 (Windows NT 10.0; Win64; x64) AppleWebKit/537.36 (KHTML, like Gecko) Chrome/141.0.0.0 Safari/537.36","RemoteIpAddress":"::1","RequestQuery":"","RequestId":"0HNGIT96ML2EC:00000002","ConnectionId":"0HNGIT96ML2EC","MachineName":"DESKTOP-CMP5LCV","EnvironmentName":"Development"}
2025-10-24 13:50:40.099 +03:00 [WRN] [pos_system_api.API.Middleware.RequestResponseLoggingMiddleware] HTTP GET /api/Auth/me responded 401 in 11ms {"RequestId":"0HNGIT96ML2EC:00000002","ConnectionId":"0HNGIT96ML2EC","RemoteIpAddress":"::1","UserAgent":"Mozilla/5.0 (Windows NT 10.0; Win64; x64) AppleWebKit/537.36 (KHTML, like Gecko) Chrome/141.0.0.0 Safari/537.36","MachineName":"DESKTOP-CMP5LCV","EnvironmentName":"Development"}
2025-10-24 13:51:04.973 +03:00 [INF] [pos_system_api.API.Middleware.RequestResponseLoggingMiddleware] HTTP GET /api/Auth/me started {"RequestId":"0HNGIT96ML2EC:00000003","ConnectionId":"0HNGIT96ML2EC","RemoteIpAddress":"::1","UserAgent":"Mozilla/5.0 (Windows NT 10.0; Win64; x64) AppleWebKit/537.36 (KHTML, like Gecko) Chrome/141.0.0.0 Safari/537.36","MachineName":"DESKTOP-CMP5LCV","EnvironmentName":"Development"}
2025-10-24 13:51:05.019 +03:00 [INF] [Serilog.AspNetCore.RequestLoggingMiddleware] HTTP GET /api/Auth/me responded 200 in 43.1658ms {"RequestHost":"localhost:5135","RequestScheme":"http","UserAgent":"Mozilla/5.0 (Windows NT 10.0; Win64; x64) AppleWebKit/537.36 (KHTML, like Gecko) Chrome/141.0.0.0 Safari/537.36","UserName":"halgurd","UserId":"603b60a5-211a-49ba-8a59-2326480f5790","RemoteIpAddress":"::1","RequestQuery":"","RequestId":"0HNGIT96ML2EC:00000003","ConnectionId":"0HNGIT96ML2EC","MachineName":"DESKTOP-CMP5LCV","EnvironmentName":"Development"}
2025-10-24 13:51:05.022 +03:00 [INF] [pos_system_api.API.Middleware.RequestResponseLoggingMiddleware] HTTP GET /api/Auth/me responded 200 in 48ms {"RequestId":"0HNGIT96ML2EC:00000003","ConnectionId":"0HNGIT96ML2EC","RemoteIpAddress":"::1","UserAgent":"Mozilla/5.0 (Windows NT 10.0; Win64; x64) AppleWebKit/537.36 (KHTML, like Gecko) Chrome/141.0.0.0 Safari/537.36","MachineName":"DESKTOP-CMP5LCV","EnvironmentName":"Development"}
2025-10-24 13:51:15.699 +03:00 [INF] [pos_system_api.API.Middleware.RequestResponseLoggingMiddleware] HTTP GET /api/Drugs?page=1&limit=20 started {"RequestId":"0HNGIT96ML2EC:00000004","ConnectionId":"0HNGIT96ML2EC","RemoteIpAddress":"::1","UserAgent":"Mozilla/5.0 (Windows NT 10.0; Win64; x64) AppleWebKit/537.36 (KHTML, like Gecko) Chrome/141.0.0.0 Safari/537.36","MachineName":"DESKTOP-CMP5LCV","EnvironmentName":"Development"}
2025-10-24 13:51:16.593 +03:00 [INF] [Serilog.AspNetCore.RequestLoggingMiddleware] HTTP GET /api/Drugs responded 200 in 891.6452ms {"RequestHost":"localhost:5135","RequestScheme":"http","UserAgent":"Mozilla/5.0 (Windows NT 10.0; Win64; x64) AppleWebKit/537.36 (KHTML, like Gecko) Chrome/141.0.0.0 Safari/537.36","UserName":"halgurd","UserId":"603b60a5-211a-49ba-8a59-2326480f5790","RemoteIpAddress":"::1","RequestQuery":"?page=1&limit=20","RequestId":"0HNGIT96ML2EC:00000004","ConnectionId":"0HNGIT96ML2EC","MachineName":"DESKTOP-CMP5LCV","EnvironmentName":"Development"}
2025-10-24 13:51:16.597 +03:00 [INF] [pos_system_api.API.Middleware.RequestResponseLoggingMiddleware] HTTP GET /api/Drugs?page=1&limit=20 responded 200 in 898ms {"RequestId":"0HNGIT96ML2EC:00000004","ConnectionId":"0HNGIT96ML2EC","RemoteIpAddress":"::1","UserAgent":"Mozilla/5.0 (Windows NT 10.0; Win64; x64) AppleWebKit/537.36 (KHTML, like Gecko) Chrome/141.0.0.0 Safari/537.36","MachineName":"DESKTOP-CMP5LCV","EnvironmentName":"Development"}
2025-10-24 13:51:30.692 +03:00 [INF] [pos_system_api.API.Middleware.RequestResponseLoggingMiddleware] HTTP GET /api/Drugs/DRG-6326%22 started {"RequestId":"0HNGIT96ML2EC:00000005","ConnectionId":"0HNGIT96ML2EC","RemoteIpAddress":"::1","UserAgent":"Mozilla/5.0 (Windows NT 10.0; Win64; x64) AppleWebKit/537.36 (KHTML, like Gecko) Chrome/141.0.0.0 Safari/537.36","MachineName":"DESKTOP-CMP5LCV","EnvironmentName":"Development"}
2025-10-24 13:51:30.786 +03:00 [INF] [Serilog.AspNetCore.RequestLoggingMiddleware] HTTP GET /api/Drugs/DRG-6326" responded 404 in 91.6590ms {"RequestHost":"localhost:5135","RequestScheme":"http","UserAgent":"Mozilla/5.0 (Windows NT 10.0; Win64; x64) AppleWebKit/537.36 (KHTML, like Gecko) Chrome/141.0.0.0 Safari/537.36","UserName":"halgurd","UserId":"603b60a5-211a-49ba-8a59-2326480f5790","RemoteIpAddress":"::1","RequestQuery":"","RequestId":"0HNGIT96ML2EC:00000005","ConnectionId":"0HNGIT96ML2EC","MachineName":"DESKTOP-CMP5LCV","EnvironmentName":"Development"}
2025-10-24 13:51:30.791 +03:00 [WRN] [pos_system_api.API.Middleware.RequestResponseLoggingMiddleware] HTTP GET /api/Drugs/DRG-6326%22 responded 404 in 99ms {"RequestId":"0HNGIT96ML2EC:00000005","ConnectionId":"0HNGIT96ML2EC","RemoteIpAddress":"::1","UserAgent":"Mozilla/5.0 (Windows NT 10.0; Win64; x64) AppleWebKit/537.36 (KHTML, like Gecko) Chrome/141.0.0.0 Safari/537.36","MachineName":"DESKTOP-CMP5LCV","EnvironmentName":"Development"}
2025-10-24 13:52:06.602 +03:00 [INF] [pos_system_api.API.Middleware.RequestResponseLoggingMiddleware] HTTP GET /api/Drugs/DRG-6326 started {"RequestId":"0HNGIT96ML2EC:00000006","ConnectionId":"0HNGIT96ML2EC","RemoteIpAddress":"::1","UserAgent":"Mozilla/5.0 (Windows NT 10.0; Win64; x64) AppleWebKit/537.36 (KHTML, like Gecko) Chrome/141.0.0.0 Safari/537.36","MachineName":"DESKTOP-CMP5LCV","EnvironmentName":"Development"}
2025-10-24 13:52:06.679 +03:00 [INF] [Serilog.AspNetCore.RequestLoggingMiddleware] HTTP GET /api/Drugs/DRG-6326 responded 200 in 74.7744ms {"RequestHost":"localhost:5135","RequestScheme":"http","UserAgent":"Mozilla/5.0 (Windows NT 10.0; Win64; x64) AppleWebKit/537.36 (KHTML, like Gecko) Chrome/141.0.0.0 Safari/537.36","UserName":"halgurd","UserId":"603b60a5-211a-49ba-8a59-2326480f5790","RemoteIpAddress":"::1","RequestQuery":"","RequestId":"0HNGIT96ML2EC:00000006","ConnectionId":"0HNGIT96ML2EC","MachineName":"DESKTOP-CMP5LCV","EnvironmentName":"Development"}
2025-10-24 13:52:06.683 +03:00 [INF] [pos_system_api.API.Middleware.RequestResponseLoggingMiddleware] HTTP GET /api/Drugs/DRG-6326 responded 200 in 81ms {"RequestId":"0HNGIT96ML2EC:00000006","ConnectionId":"0HNGIT96ML2EC","RemoteIpAddress":"::1","UserAgent":"Mozilla/5.0 (Windows NT 10.0; Win64; x64) AppleWebKit/537.36 (KHTML, like Gecko) Chrome/141.0.0.0 Safari/537.36","MachineName":"DESKTOP-CMP5LCV","EnvironmentName":"Development"}
